#
# A fatal error has been detected by the Java Runtime Environment:
#
#  SIGSEGV (0xb) at pc=0x00007feb66cf5b56, pid=330891, tid=330917
#
# JRE version: OpenJDK Runtime Environment (21.0.2+13) (build 21.0.2+13-Ubuntu-122.04.1)
# Java VM: OpenJDK 64-Bit Server VM (21.0.2+13-Ubuntu-122.04.1, mixed mode, sharing, tiered, compressed oops, compressed class ptrs, g1 gc, linux-amd64)
# Problematic frame:
# C  [libnvwgf2umx.so+0x2ca0b56]
#
# No core dump will be written. Core dumps have been disabled. To enable core dumping, try "ulimit -c unlimited" before starting Java again
#
# If you would like to submit a bug report, please visit:
#   Unknown
#

---------------  S U M M A R Y ------------

Command Line: App

Host: Intel(R) Core(TM) i7-4510U CPU @ 2.00GHz, 4 cores, 3G, Ubuntu 22.04.3 LTS
Time: Tue Mar 26 10:10:54 2024 SAST elapsed time: 12.713124 seconds (0d 0h 0m 12s)

---------------  T H R E A D  ---------------

Current thread is native thread

Stack: [0x00007febf02a1000,0x00007febf0aa1000],  sp=0x00007febf0a9fda0,  free space=8187k
Native frames: (J=compiled Java code, j=interpreted, Vv=VM code, C=native code)
C  [libnvwgf2umx.so+0x2ca0b56]

siginfo: si_signo: 11 (SIGSEGV), si_code: 1 (SEGV_MAPERR), si_addr: 0x00007febf0aa1000

Registers:
RAX=0x0000000000000003, RBX=0x00007fec18512e80, RCX=0x00007fec18514001, RDX=0x00007febf0a9fdb0
RSP=0x00007febf0a9fda0, RBP=0x0000000000000000, RSI=0x00007fec18512e80, RDI=0x00007fec1849b440
R8 =0x00007fec1849b440, R9 =0x00007ffe107bf080, R10=0x00007febf0a9fd90, R11=0xb4c148c678dbea38
R12=0x00007febf0a9fe07, R13=0x0000000000000000, R14=0x00007febf0aa1000, R15=0x0000000000000000
RIP=0x00007feb66cf5b56, EFLAGS=0x0000000000010246, CSGSFS=0x002b000000000033, ERR=0x0000000000000004
  TRAPNO=0x000000000000000e


Top of Stack: (sp=0x00007febf0a9fda0)
0x00007febf0a9fda0:   00007fec1849b440 185140011849b548
0x00007febf0a9fdb0:   0000000000000001 00007febf0a9fdb0
0x00007febf0a9fdc0:   00007febf0a9fe07 00007fec1849b440
0x00007febf0a9fdd0:   00007fec18512e80 00007febf0a9fe07
0x00007febf0a9fde0:   00007fec1849b548 00007febf0a9fe06
0x00007febf0a9fdf0:   0000000000000000 00007feb66cf477e
0x00007febf0a9fe00:   0000000000000000 0000000000000000
0x00007febf0a9fe10:   0000000000000000 00007febf0aa0640
0x00007febf0a9fe20:   00007febf0aa0640 0000000000000002
0x00007febf0a9fe30:   00007fec1ffc77d0 00007fec1e6ca4f0
0x00007febf0a9fe40:   0000000000000000 00007feb66cf46f6
0x00007febf0a9fe50:   00007febf0aa0640 00007fec1ffc7ac3
0x00007febf0a9fe60:   0000000000000000 00007febf0aa0640
0x00007febf0a9fe70:   00007fec1e6ca390 7e42d64e2c9c2718
0x00007febf0a9fe80:   00007febf0aa0640 0000000000000002
0x00007febf0a9fe90:   00007fec1ffc77d0 00007fec1e6ca4f0
0x00007febf0a9fea0:   8195371dd05c2718 819ae9b6dd1e2718
0x00007febf0a9feb0:   0000000000000000 0000000000000000
0x00007febf0a9fec0:   0000000000000000 0000000000000000
0x00007febf0a9fed0:   0000000000000000 15c795d0990bca00
0x00007febf0a9fee0:   0000000000000000 00007fec1e6ca390
0x00007febf0a9fef0:   0000000000000000 00007fec20059850
0x00007febf0a9ff00:   0000000000000000 0000000000000000
0x00007febf0a9ff10:   0000000000000000 0000000000000000
0x00007febf0a9ff20:   0000000000000000 0000000000000000
0x00007febf0a9ff30:   0000000000000000 0000000000000000
0x00007febf0a9ff40:   0000000000000000 0000000000000000
0x00007febf0a9ff50:   0000000000000000 0000000000000000
0x00007febf0a9ff60:   0000000000000000 0000000000000000
0x00007febf0a9ff70:   0000000000000000 0000000000000000
0x00007febf0a9ff80:   0000000000000000 0000000000000000
0x00007febf0a9ff90:   0000000000000000 0000000000000000 

Instructions: (pc=0x00007feb66cf5b56)
0x00007feb66cf5a56:   8d 7c 24 30 e8 61 da 8b fe 4c 89 ff e8 59 da 8b
0x00007feb66cf5a66:   fe 48 8b 44 24 38 48 81 c4 88 00 00 00 5b 41 5c
0x00007feb66cf5a76:   41 5d 41 5e 41 5f 5d c3 eb 0a eb 37 eb 35 eb 44
0x00007feb66cf5a86:   eb 02 eb 2f 48 89 c3 48 8d 7c 24 30 e8 29 da 8b
0x00007feb66cf5a96:   fe eb 23 eb 1e 48 89 c3 48 8d 7c 24 30 e8 18 da
0x00007feb66cf5aa6:   8b fe eb 03 48 89 c3 48 8d 7c 24 48 e8 09 da 8b
0x00007feb66cf5ab6:   fe eb 03 48 89 c3 48 8d 7c 24 40 e8 fa d9 8b fe
0x00007feb66cf5ac6:   eb 05 eb 00 48 89 c3 48 8b 7c 24 38 e8 e9 d9 8b
0x00007feb66cf5ad6:   fe 48 89 df e8 91 0e 75 fe cc 55 41 57 41 56 41
0x00007feb66cf5ae6:   55 41 54 53 48 83 ec 28 f6 47 28 10 0f 84 53 01
0x00007feb66cf5af6:   00 00 48 89 f3 8b 46 10 85 c0 0f 84 45 01 00 00
0x00007feb66cf5b06:   49 89 d4 49 89 f8 4c 8b 73 28 b1 01 89 4c 24 0c
0x00007feb66cf5b16:   45 31 ff 48 8d 54 24 10 45 31 ed 4c 89 64 24 20
0x00007feb66cf5b26:   48 89 3c 24 48 89 54 24 18 eb 25 90 90 90 90 90
0x00007feb66cf5b36:   90 90 90 90 90 90 90 90 90 90 8b 43 10 49 83 c5
0x00007feb66cf5b46:   01 89 c1 41 83 c7 01 49 39 cd 0f 83 f5 00 00 00
0x00007feb66cf5b56:   43 8b 0c ae 0f b7 c9 42 3b 8c ab 4c 04 00 00 74
0x00007feb66cf5b66:   dc 42 89 8c ab 4c 04 00 00 8b 4b 0c 85 c9 74 cd
0x00007feb66cf5b76:   31 ed eb 1e 8b 73 04 4c 89 c7 44 89 ea 89 e9 e8
0x00007feb66cf5b86:   96 3b 03 00 4c 8b 04 24 83 c5 01 8b 4b 0c 39 cd
0x00007feb66cf5b96:   73 a8 41 0f af cf 01 e9 41 0f b6 84 0e 80 90 00
0x00007feb66cf5ba6:   00 24 7f 8d 50 e0 80 fa 14 77 dd 48 8b 93 50 08
0x00007feb66cf5bb6:   00 00 3a 04 0a 74 d1 88 04 0a 41 c6 04 24 01 41
0x00007feb66cf5bc6:   80 78 2d 00 75 ae f6 44 24 0c 01 75 09 41 f6 40
0x00007feb66cf5bd6:   28 20 75 b4 eb 33 4c 8d 64 24 10 4c 89 e7 4c 89
0x00007feb66cf5be6:   c6 48 89 da e8 01 2a 03 00 48 8b 3c 24 4c 89 e6
0x00007feb66cf5bf6:   e8 75 e0 ff ff 4c 89 e7 e8 bd d8 8b fe c7 44 24
0x00007feb66cf5c06:   0c 00 00 00 00 4c 8b 04 24 8b 53 04 45 0f b6 48
0x00007feb66cf5c16:   2c 4c 8d 64 24 10 4c 89 e7 4c 89 c6 44 89 e9 41
0x00007feb66cf5c26:   89 e8 e8 e3 29 03 00 48 8b 3c 24 4c 89 e6 e8 37
0x00007feb66cf5c36:   e0 ff ff 4c 89 e7 e8 7f d8 8b fe 4c 8b 64 24 20
0x00007feb66cf5c46:   e9 3f ff ff ff 48 83 c4 28 5b 41 5c 41 5d 41 5e 



---------------  P R O C E S S  ---------------

VM state: at safepoint (shutting down)

VM Mutex/Monitor currently owned by a thread:  ([mutex/lock_event])
[0x00007fec1fefcd80] Threads_lock - owner thread: 0x00007fec180d4790

Heap address: 0x00000000c3800000, size: 968 MB, Compressed Oops mode: 32-bit

CDS archive(s) mapped at: [0x00007feba3000000-0x00007feba3ca6000-0x00007feba3ca6000), size 13262848, SharedBaseAddress: 0x00007feba3000000, ArchiveRelocationMode: 1.
Compressed class space mapped at: 0x00007feba4000000-0x00007febe4000000, reserved size: 1073741824
Narrow klass base: 0x00007feba3000000, Narrow klass shift: 0, Narrow klass range: 0x100000000

GC Precious Log:
<Skipped>

Heap:
 garbage-first heap   total 65536K, used 20767K [0x00000000c3800000, 0x0000000100000000)
  region size 1024K, 15 young (15360K), 2 survivors (2048K)
 Metaspace       used 5257K, committed 5440K, reserved 1114112K
  class space    used 293K, committed 384K, reserved 1048576K

Heap Regions: E=young(eden), S=young(survivor), O=old, HS=humongous(starts), HC=humongous(continues), CS=collection set, F=free, TAMS=top-at-mark-start, PB=parsable bottom
|   0|0x00000000c3800000, 0x00000000c3900000, 0x00000000c3900000|100%|HS|  |TAMS 0x00000000c3800000| PB 0x00000000c3800000| Complete 
|   1|0x00000000c3900000, 0x00000000c3a00000, 0x00000000c3a00000|100%|HS|  |TAMS 0x00000000c3900000| PB 0x00000000c3900000| Complete 
|   2|0x00000000c3a00000, 0x00000000c3b00000, 0x00000000c3b00000|100%|HC|  |TAMS 0x00000000c3a00000| PB 0x00000000c3a00000| Complete 
|   3|0x00000000c3b00000, 0x00000000c3c00000, 0x00000000c3c00000|100%|HS|  |TAMS 0x00000000c3b00000| PB 0x00000000c3b00000| Complete 
|   4|0x00000000c3c00000, 0x00000000c3d00000, 0x00000000c3d00000|100%|HC|  |TAMS 0x00000000c3c00000| PB 0x00000000c3c00000| Complete 
|   5|0x00000000c3d00000, 0x00000000c3e00000, 0x00000000c3e00000|100%|HS|  |TAMS 0x00000000c3d00000| PB 0x00000000c3d00000| Complete 
|   6|0x00000000c3e00000, 0x00000000c3e00000, 0x00000000c3f00000|  0%| F|  |TAMS 0x00000000c3e00000| PB 0x00000000c3e00000| Untracked 
|   7|0x00000000c3f00000, 0x00000000c3f00000, 0x00000000c4000000|  0%| F|  |TAMS 0x00000000c3f00000| PB 0x00000000c3f00000| Untracked 
|   8|0x00000000c4000000, 0x00000000c4000000, 0x00000000c4100000|  0%| F|  |TAMS 0x00000000c4000000| PB 0x00000000c4000000| Untracked 
|   9|0x00000000c4100000, 0x00000000c4100000, 0x00000000c4200000|  0%| F|  |TAMS 0x00000000c4100000| PB 0x00000000c4100000| Untracked 
|  10|0x00000000c4200000, 0x00000000c4200000, 0x00000000c4300000|  0%| F|  |TAMS 0x00000000c4200000| PB 0x00000000c4200000| Untracked 
|  11|0x00000000c4300000, 0x00000000c4300000, 0x00000000c4400000|  0%| F|  |TAMS 0x00000000c4300000| PB 0x00000000c4300000| Untracked 
|  12|0x00000000c4400000, 0x00000000c4400000, 0x00000000c4500000|  0%| F|  |TAMS 0x00000000c4400000| PB 0x00000000c4400000| Untracked 
|  13|0x00000000c4500000, 0x00000000c4500000, 0x00000000c4600000|  0%| F|  |TAMS 0x00000000c4500000| PB 0x00000000c4500000| Untracked 
|  14|0x00000000c4600000, 0x00000000c4600000, 0x00000000c4700000|  0%| F|  |TAMS 0x00000000c4600000| PB 0x00000000c4600000| Untracked 
|  15|0x00000000c4700000, 0x00000000c4700000, 0x00000000c4800000|  0%| F|  |TAMS 0x00000000c4700000| PB 0x00000000c4700000| Untracked 
|  16|0x00000000c4800000, 0x00000000c4800000, 0x00000000c4900000|  0%| F|  |TAMS 0x00000000c4800000| PB 0x00000000c4800000| Untracked 
|  17|0x00000000c4900000, 0x00000000c4900000, 0x00000000c4a00000|  0%| F|  |TAMS 0x00000000c4900000| PB 0x00000000c4900000| Untracked 
|  18|0x00000000c4a00000, 0x00000000c4a00000, 0x00000000c4b00000|  0%| F|  |TAMS 0x00000000c4a00000| PB 0x00000000c4a00000| Untracked 
|  19|0x00000000c4b00000, 0x00000000c4b00000, 0x00000000c4c00000|  0%| F|  |TAMS 0x00000000c4b00000| PB 0x00000000c4b00000| Untracked 
|  20|0x00000000c4c00000, 0x00000000c4c00000, 0x00000000c4d00000|  0%| F|  |TAMS 0x00000000c4c00000| PB 0x00000000c4c00000| Untracked 
|  21|0x00000000c4d00000, 0x00000000c4d00000, 0x00000000c4e00000|  0%| F|  |TAMS 0x00000000c4d00000| PB 0x00000000c4d00000| Untracked 
|  22|0x00000000c4e00000, 0x00000000c4e00000, 0x00000000c4f00000|  0%| F|  |TAMS 0x00000000c4e00000| PB 0x00000000c4e00000| Untracked 
|  23|0x00000000c4f00000, 0x00000000c4f00000, 0x00000000c5000000|  0%| F|  |TAMS 0x00000000c4f00000| PB 0x00000000c4f00000| Untracked 
|  24|0x00000000c5000000, 0x00000000c5000000, 0x00000000c5100000|  0%| F|  |TAMS 0x00000000c5000000| PB 0x00000000c5000000| Untracked 
|  25|0x00000000c5100000, 0x00000000c5100000, 0x00000000c5200000|  0%| F|  |TAMS 0x00000000c5100000| PB 0x00000000c5100000| Untracked 
|  26|0x00000000c5200000, 0x00000000c5200000, 0x00000000c5300000|  0%| F|  |TAMS 0x00000000c5200000| PB 0x00000000c5200000| Untracked 
|  27|0x00000000c5300000, 0x00000000c5300000, 0x00000000c5400000|  0%| F|  |TAMS 0x00000000c5300000| PB 0x00000000c5300000| Untracked 
|  28|0x00000000c5400000, 0x00000000c5400000, 0x00000000c5500000|  0%| F|  |TAMS 0x00000000c5400000| PB 0x00000000c5400000| Untracked 
|  29|0x00000000c5500000, 0x00000000c5500000, 0x00000000c5600000|  0%| F|  |TAMS 0x00000000c5500000| PB 0x00000000c5500000| Untracked 
|  30|0x00000000c5600000, 0x00000000c5600000, 0x00000000c5700000|  0%| F|  |TAMS 0x00000000c5600000| PB 0x00000000c5600000| Untracked 
|  31|0x00000000c5700000, 0x00000000c5700000, 0x00000000c5800000|  0%| F|  |TAMS 0x00000000c5700000| PB 0x00000000c5700000| Untracked 
|  32|0x00000000c5800000, 0x00000000c5800000, 0x00000000c5900000|  0%| F|  |TAMS 0x00000000c5800000| PB 0x00000000c5800000| Untracked 
|  33|0x00000000c5900000, 0x00000000c5900000, 0x00000000c5a00000|  0%| F|  |TAMS 0x00000000c5900000| PB 0x00000000c5900000| Untracked 
|  34|0x00000000c5a00000, 0x00000000c5a00000, 0x00000000c5b00000|  0%| F|  |TAMS 0x00000000c5a00000| PB 0x00000000c5a00000| Untracked 
|  35|0x00000000c5b00000, 0x00000000c5b00000, 0x00000000c5c00000|  0%| F|  |TAMS 0x00000000c5b00000| PB 0x00000000c5b00000| Untracked 
|  36|0x00000000c5c00000, 0x00000000c5c00000, 0x00000000c5d00000|  0%| F|  |TAMS 0x00000000c5c00000| PB 0x00000000c5c00000| Untracked 
|  37|0x00000000c5d00000, 0x00000000c5d00000, 0x00000000c5e00000|  0%| F|  |TAMS 0x00000000c5d00000| PB 0x00000000c5d00000| Untracked 
|  38|0x00000000c5e00000, 0x00000000c5e00000, 0x00000000c5f00000|  0%| F|  |TAMS 0x00000000c5e00000| PB 0x00000000c5e00000| Untracked 
|  39|0x00000000c5f00000, 0x00000000c5f00000, 0x00000000c6000000|  0%| F|  |TAMS 0x00000000c5f00000| PB 0x00000000c5f00000| Untracked 
|  40|0x00000000c6000000, 0x00000000c6000000, 0x00000000c6100000|  0%| F|  |TAMS 0x00000000c6000000| PB 0x00000000c6000000| Untracked 
|  41|0x00000000c6100000, 0x00000000c6100000, 0x00000000c6200000|  0%| F|  |TAMS 0x00000000c6100000| PB 0x00000000c6100000| Untracked 
|  42|0x00000000c6200000, 0x00000000c6200000, 0x00000000c6300000|  0%| F|  |TAMS 0x00000000c6200000| PB 0x00000000c6200000| Untracked 
|  43|0x00000000c6300000, 0x00000000c6300000, 0x00000000c6400000|  0%| F|  |TAMS 0x00000000c6300000| PB 0x00000000c6300000| Untracked 
|  44|0x00000000c6400000, 0x00000000c6400000, 0x00000000c6500000|  0%| F|  |TAMS 0x00000000c6400000| PB 0x00000000c6400000| Untracked 
|  45|0x00000000c6500000, 0x00000000c6500000, 0x00000000c6600000|  0%| F|  |TAMS 0x00000000c6500000| PB 0x00000000c6500000| Untracked 
|  46|0x00000000c6600000, 0x00000000c6600000, 0x00000000c6700000|  0%| F|  |TAMS 0x00000000c6600000| PB 0x00000000c6600000| Untracked 
|  47|0x00000000c6700000, 0x00000000c6740000, 0x00000000c6800000| 25%| S|CS|TAMS 0x00000000c6700000| PB 0x00000000c6700000| Complete 
|  48|0x00000000c6800000, 0x00000000c6900000, 0x00000000c6900000|100%| S|CS|TAMS 0x00000000c6800000| PB 0x00000000c6800000| Complete 
|  49|0x00000000c6900000, 0x00000000c6900800, 0x00000000c6a00000|  0%| E|  |TAMS 0x00000000c6900000| PB 0x00000000c6900000| Complete 
|  50|0x00000000c6a00000, 0x00000000c6b00000, 0x00000000c6b00000|100%| E|CS|TAMS 0x00000000c6a00000| PB 0x00000000c6a00000| Complete 
|  51|0x00000000c6b00000, 0x00000000c6c00000, 0x00000000c6c00000|100%| E|CS|TAMS 0x00000000c6b00000| PB 0x00000000c6b00000| Complete 
|  52|0x00000000c6c00000, 0x00000000c6d00000, 0x00000000c6d00000|100%| E|CS|TAMS 0x00000000c6c00000| PB 0x00000000c6c00000| Complete 
|  53|0x00000000c6d00000, 0x00000000c6e00000, 0x00000000c6e00000|100%| E|CS|TAMS 0x00000000c6d00000| PB 0x00000000c6d00000| Complete 
|  54|0x00000000c6e00000, 0x00000000c6f00000, 0x00000000c6f00000|100%| E|CS|TAMS 0x00000000c6e00000| PB 0x00000000c6e00000| Complete 
|  55|0x00000000c6f00000, 0x00000000c7000000, 0x00000000c7000000|100%| E|CS|TAMS 0x00000000c6f00000| PB 0x00000000c6f00000| Complete 
|  56|0x00000000c7000000, 0x00000000c7100000, 0x00000000c7100000|100%| E|CS|TAMS 0x00000000c7000000| PB 0x00000000c7000000| Complete 
|  57|0x00000000c7100000, 0x00000000c7200000, 0x00000000c7200000|100%| E|CS|TAMS 0x00000000c7100000| PB 0x00000000c7100000| Complete 
|  58|0x00000000c7200000, 0x00000000c7300000, 0x00000000c7300000|100%| E|CS|TAMS 0x00000000c7200000| PB 0x00000000c7200000| Complete 
|  59|0x00000000c7300000, 0x00000000c7400000, 0x00000000c7400000|100%| E|CS|TAMS 0x00000000c7300000| PB 0x00000000c7300000| Complete 
|  60|0x00000000c7400000, 0x00000000c7500000, 0x00000000c7500000|100%| E|  |TAMS 0x00000000c7400000| PB 0x00000000c7400000| Complete 
|  61|0x00000000c7500000, 0x00000000c7600000, 0x00000000c7600000|100%| E|CS|TAMS 0x00000000c7500000| PB 0x00000000c7500000| Complete 
| 966|0x00000000ffe00000, 0x00000000fff00000, 0x00000000fff00000|100%| O|  |TAMS 0x00000000ffe00000| PB 0x00000000ffe00000| Untracked 
| 967|0x00000000fff00000, 0x00000000fff076f8, 0x0000000100000000|  2%| O|  |TAMS 0x00000000fff00000| PB 0x00000000fff00000| Untracked 

Card table byte_map: [0x00007fec1dbf4000,0x00007fec1ddd8000] _byte_map_base: 0x00007fec1d5d8000

Marking Bits: (CMBitMap*) 0x00007fec18050e20
 Bits: [0x00007fec1ccd4000, 0x00007fec1dbf4000)

Polling page: 0x00007fec1e5ce000

Metaspace:

Usage:
  Non-class:      4.85 MB used.
      Class:    293.10 KB used.
       Both:      5.13 MB used.

Virtual space:
  Non-class space:       64.00 MB reserved,       4.94 MB (  8%) committed,  1 nodes.
      Class space:        1.00 GB reserved,     384.00 KB ( <1%) committed,  1 nodes.
             Both:        1.06 GB reserved,       5.31 MB ( <1%) committed. 

Chunk freelists:
   Non-Class:  8.72 MB
       Class:  15.58 MB
        Both:  24.30 MB

MaxMetaspaceSize: unlimited
CompressedClassSpaceSize: 1.00 GB
Initial GC threshold: 21.00 MB
Current GC threshold: 21.00 MB
CDS: on
 - commit_granule_bytes: 65536.
 - commit_granule_words: 8192.
 - virtual_space_node_default_size: 8388608.
 - enlarge_chunks_in_place: 1.
 - use_allocation_guard: 0.


Internal statistics:

num_allocs_failed_limit: 0.
num_arena_births: 62.
num_arena_deaths: 0.
num_vsnodes_births: 2.
num_vsnodes_deaths: 0.
num_space_committed: 83.
num_space_uncommitted: 0.
num_chunks_returned_to_freelist: 0.
num_chunks_taken_from_freelist: 202.
num_chunk_merges: 0.
num_chunk_splits: 141.
num_chunks_enlarged: 109.
num_inconsistent_stats: 0.

CodeHeap 'non-profiled nmethods': size=120032Kb used=329Kb max_used=329Kb free=119702Kb
 bounds [0x00007fec084d3000, 0x00007fec08743000, 0x00007fec0fa0b000]
CodeHeap 'profiled nmethods': size=120028Kb used=1223Kb max_used=1223Kb free=118804Kb
 bounds [0x00007fec00a0b000, 0x00007fec00c7b000, 0x00007fec07f42000]
CodeHeap 'non-nmethods': size=5700Kb used=2083Kb max_used=2102Kb free=3617Kb
 bounds [0x00007fec07f42000, 0x00007fec081b2000, 0x00007fec084d3000]
 total_blobs=1920 nmethods=829 adapters=997
 compilation: enabled
              stopped_count=0, restarted_count=0
 full_count=0

Compilation events (20 events):
Event: 9.651 Thread 0x00007fec180ed3c0  817       3       jdk.internal.ref.Cleaner::<init> (24 bytes)
Event: 9.651 Thread 0x00007fec180ed3c0 nmethod 817 0x00007fec00b38190 code [0x00007fec00b38340, 0x00007fec00b386f0]
Event: 9.763 Thread 0x00007fec180ed3c0  820       3       org.lwjgl.glfw.GLFW::glfwSetWindowShouldClose (30 bytes)
Event: 9.763 Thread 0x00007fec180ed3c0 nmethod 820 0x00007fec00b38810 code [0x00007fec00b389e0, 0x00007fec00b38cd0]
Event: 9.763 Thread 0x00007fec180ed3c0  822       3       com.raylib.java.core.rCore::BeginDrawing (56 bytes)
Event: 9.764 Thread 0x00007fec180ed3c0 nmethod 822 0x00007fec00b38e10 code [0x00007fec00b39060, 0x00007fec00b396e0]
Event: 9.764 Thread 0x00007fec180ed3c0  823       3       com.raylib.java.rlgl.RLGL::rlMultMatrixf (24 bytes)
Event: 9.765 Thread 0x00007fec180ed3c0 nmethod 823 0x00007fec00b39a10 code [0x00007fec00b39c20, 0x00007fec00b3a020]
Event: 9.765 Thread 0x00007fec180ed3c0  824       3       com.raylib.java.rlgl.GL_33::rlMultMatrixf (32 bytes)
Event: 9.765 Thread 0x00007fec180ed3c0 nmethod 824 0x00007fec00b3a190 code [0x00007fec00b3a360, 0x00007fec00b3a618]
Event: 9.765 Thread 0x00007fec180ed3c0  825       3       com.raylib.java.raymath.Matrix::<init> (127 bytes)
Event: 9.766 Thread 0x00007fec180ed3c0 nmethod 825 0x00007fec00b3a790 code [0x00007fec00b3a940, 0x00007fec00b3ac10]
Event: 9.766 Thread 0x00007fec180ed3c0  826       3       com.raylib.java.text.rText::DrawText (66 bytes)
Event: 9.767 Thread 0x00007fec180ed3c0 nmethod 826 0x00007fec00b3ad90 code [0x00007fec00b3afa0, 0x00007fec00b3b630]
Event: 10.764 Thread 0x00007fec180ebd00  827       4       com.raylib.java.core.rCore::getInput (4 bytes)
Event: 10.764 Thread 0x00007fec180ebd00 nmethod 827 0x00007fec08525190 code [0x00007fec08525300, 0x00007fec08525378]
Event: 11.898 Thread 0x00007fec180ed3c0  828       3       com.raylib.java.core.rCore::EndDrawing (251 bytes)
Event: 11.899 Thread 0x00007fec180ed3c0 nmethod 828 0x00007fec00b3b910 code [0x00007fec00b3bbc0, 0x00007fec00b3c588]
Event: 11.899 Thread 0x00007fec180ed3c0  829       3       com.raylib.java.rlgl.RLGL::rlDrawRenderBatchActive (22 bytes)
Event: 11.900 Thread 0x00007fec180ed3c0 nmethod 829 0x00007fec00b3c910 code [0x00007fec00b3cac0, 0x00007fec00b3ccb0]

GC Heap History (2 events):
Event: 3.258 GC heap before
{Heap before GC invocations=0 (full 0):
 garbage-first heap   total 65536K, used 19485K [0x00000000c3800000, 0x0000000100000000)
  region size 1024K, 13 young (13312K), 0 survivors (0K)
 Metaspace       used 5122K, committed 5312K, reserved 1114112K
  class space    used 292K, committed 384K, reserved 1048576K
}
Event: 3.264 GC heap after
{Heap after GC invocations=1 (full 0):
 garbage-first heap   total 65536K, used 8477K [0x00000000c3800000, 0x0000000100000000)
  region size 1024K, 2 young (2048K), 2 survivors (2048K)
 Metaspace       used 5122K, committed 5312K, reserved 1114112K
  class space    used 292K, committed 384K, reserved 1048576K
}

Dll operation events (10 events):
Event: 0.002 Loaded shared library /usr/lib/jvm/java-21-openjdk-amd64/lib/libjava.so
Event: 0.030 Loaded shared library /usr/lib/jvm/java-21-openjdk-amd64/lib/libjsvml.so
Event: 0.111 Loaded shared library /usr/lib/jvm/java-21-openjdk-amd64/lib/libnio.so
Event: 0.126 Loaded shared library /usr/lib/jvm/java-21-openjdk-amd64/lib/libzip.so
Event: 0.227 Loaded shared library /usr/lib/jvm/java-21-openjdk-amd64/lib/libjimage.so
Event: 0.241 Loaded shared library /usr/lib/jvm/java-21-openjdk-amd64/lib/libnet.so
Event: 0.256 Loaded shared library /tmp/lwjgl_vlam/3.3.2-snapshot/x64/liblwjgl.so
Event: 2.729 Loaded shared library /tmp/lwjgl_vlam/3.3.2-snapshot/x64/liblwjgl_opengl.so
Event: 2.993 Loaded shared library /usr/lib/jvm/java-21-openjdk-amd64/lib/libawt.so
Event: 3.014 Loaded shared library /usr/lib/jvm/java-21-openjdk-amd64/lib/libawt_xawt.so

Deoptimization events (20 events):
Event: 3.253 Thread 0x00007fec180163d0 DEOPT PACKING pc=0x00007fec00b01d20 sp=0x00007fec1e6ce590
Event: 3.254 Thread 0x00007fec180163d0 DEOPT UNPACKING pc=0x00007fec07f9672f sp=0x00007fec1e6cda78 mode 0
Event: 3.254 Thread 0x00007fec180163d0 DEOPT PACKING pc=0x00007fec00b01d20 sp=0x00007fec1e6ce590
Event: 3.254 Thread 0x00007fec180163d0 DEOPT UNPACKING pc=0x00007fec07f9672f sp=0x00007fec1e6cda78 mode 0
Event: 3.254 Thread 0x00007fec180163d0 DEOPT PACKING pc=0x00007fec00b01d20 sp=0x00007fec1e6ce590
Event: 3.254 Thread 0x00007fec180163d0 DEOPT UNPACKING pc=0x00007fec07f9672f sp=0x00007fec1e6cda78 mode 0
Event: 3.254 Thread 0x00007fec180163d0 DEOPT PACKING pc=0x00007fec00b01d20 sp=0x00007fec1e6ce590
Event: 3.254 Thread 0x00007fec180163d0 DEOPT UNPACKING pc=0x00007fec07f9672f sp=0x00007fec1e6cda78 mode 0
Event: 3.255 Thread 0x00007fec180163d0 DEOPT PACKING pc=0x00007fec00b01d20 sp=0x00007fec1e6ce590
Event: 3.255 Thread 0x00007fec180163d0 DEOPT UNPACKING pc=0x00007fec07f9672f sp=0x00007fec1e6cda78 mode 0
Event: 3.255 Thread 0x00007fec180163d0 DEOPT PACKING pc=0x00007fec00b01d20 sp=0x00007fec1e6ce590
Event: 3.255 Thread 0x00007fec180163d0 DEOPT UNPACKING pc=0x00007fec07f9672f sp=0x00007fec1e6cda78 mode 0
Event: 3.409 Thread 0x00007fec180163d0 DEOPT PACKING pc=0x00007fec00b06827 sp=0x00007fec1e6ce6c0
Event: 3.409 Thread 0x00007fec180163d0 DEOPT UNPACKING pc=0x00007fec07f9672f sp=0x00007fec1e6cdbb8 mode 0
Event: 3.551 Thread 0x00007fec180163d0 DEOPT PACKING pc=0x00007fec00b04169 sp=0x00007fec1e6ce570
Event: 3.551 Thread 0x00007fec180163d0 DEOPT UNPACKING pc=0x00007fec07f9672f sp=0x00007fec1e6cda08 mode 0
Event: 6.524 Thread 0x00007fec180163d0 DEOPT PACKING pc=0x00007fec00b2082e sp=0x00007fec1e6ce5f0
Event: 6.524 Thread 0x00007fec180163d0 DEOPT UNPACKING pc=0x00007fec07f9672f sp=0x00007fec1e6cdb50 mode 0
Event: 6.872 Thread 0x00007fec180163d0 DEOPT PACKING pc=0x00007fec00b1bcd1 sp=0x00007fec1e6ce6a0
Event: 6.872 Thread 0x00007fec180163d0 DEOPT UNPACKING pc=0x00007fec07f9672f sp=0x00007fec1e6cdbb8 mode 0

Classes loaded (20 events):
Event: 2.999 Loading class java/lang/Process done
Event: 2.999 Loading class java/lang/ProcessImpl done
Event: 2.999 Loading class java/lang/ProcessImpl$LaunchMechanism
Event: 2.999 Loading class java/lang/ProcessImpl$LaunchMechanism done
Event: 2.999 Loading class java/lang/ProcessEnvironment$Value
Event: 3.000 Loading class java/lang/ProcessEnvironment$Value done
Event: 3.000 Loading class java/lang/ProcessEnvironment$StringEnvironment
Event: 3.000 Loading class java/lang/ProcessEnvironment$StringEnvironment done
Event: 3.017 Loading class sun/java2d/StateTrackable$State
Event: 3.017 Loading class sun/java2d/StateTrackable$State done
Event: 3.017 Loading class sun/java2d/StateTrackableDelegate
Event: 3.017 Loading class sun/java2d/StateTrackable
Event: 3.017 Loading class sun/java2d/StateTrackable done
Event: 3.017 Loading class sun/java2d/StateTrackableDelegate done
Event: 3.017 Loading class sun/java2d/StateTrackableDelegate$2
Event: 3.017 Loading class sun/java2d/StateTrackableDelegate$2 done
Event: 3.207 Loading class java/awt/image/DataBufferShort
Event: 3.207 Loading class java/awt/image/DataBufferShort done
Event: 3.208 Loading class java/awt/image/DataBufferInt
Event: 3.208 Loading class java/awt/image/DataBufferInt done

Classes unloaded (0 events):
No events

Classes redefined (0 events):
No events

Internal exceptions (20 events):
Event: 0.239 Thread 0x00007fec180163d0 Exception <a 'sun/nio/fs/UnixException'{0x00000000c72a44f8}> (0x00000000c72a44f8) 
thrown [./src/hotspot/share/prims/jni.cpp, line 520]
Event: 0.239 Thread 0x00007fec180163d0 Exception <a 'sun/nio/fs/UnixException'{0x00000000c72a48c0}> (0x00000000c72a48c0) 
thrown [./src/hotspot/share/prims/jni.cpp, line 520]
Event: 0.246 Thread 0x00007fec180163d0 Exception <a 'sun/nio/fs/UnixException'{0x00000000c72c07f8}> (0x00000000c72c07f8) 
thrown [./src/hotspot/share/prims/jni.cpp, line 520]
Event: 0.246 Thread 0x00007fec180163d0 Exception <a 'sun/nio/fs/UnixException'{0x00000000c72c3730}> (0x00000000c72c3730) 
thrown [./src/hotspot/share/prims/jni.cpp, line 520]
Event: 0.255 Thread 0x00007fec180163d0 Exception <a 'sun/nio/fs/UnixException'{0x00000000c72ca040}> (0x00000000c72ca040) 
thrown [./src/hotspot/share/prims/jni.cpp, line 520]
Event: 0.354 Thread 0x00007fec180163d0 Exception <a 'java/lang/NoSuchMethodError'{0x00000000c7144c58}: 'int java.lang.invoke.DirectMethodHandle$Holder.invokeStaticInit(java.lang.Object, java.lang.Object, int, long)'> (0x00000000c7144c58) 
thrown [./src/hotspot/share/interpreter/linkResolver.cpp, line 772]
Event: 0.355 Thread 0x00007fec180163d0 Exception <a 'java/lang/NoSuchMethodError'{0x00000000c7149c80}: 'java.lang.Object java.lang.invoke.DirectMethodHandle$Holder.newInvokeSpecial(java.lang.Object, java.lang.Object, int)'> (0x00000000c7149c80) 
thrown [./src/hotspot/share/interpreter/linkResolver.cpp, line 772]
Event: 0.358 Thread 0x00007fec180163d0 Exception <a 'java/lang/NoSuchMethodError'{0x00000000c7157d98}: 'int java.lang.invoke.DirectMethodHandle$Holder.invokeStaticInit(java.lang.Object, java.lang.Object, long, long)'> (0x00000000c7157d98) 
thrown [./src/hotspot/share/interpreter/linkResolver.cpp, line 772]
Event: 0.358 Thread 0x00007fec180163d0 Exception <a 'java/lang/NoSuchMethodError'{0x00000000c715d600}: 'java.lang.Object java.lang.invoke.DirectMethodHandle$Holder.newInvokeSpecial(java.lang.Object, java.lang.Object, long)'> (0x00000000c715d600) 
thrown [./src/hotspot/share/interpreter/linkResolver.cpp, line 772]
Event: 0.359 Thread 0x00007fec180163d0 Exception <a 'java/lang/NoSuchMethodError'{0x00000000c71613b8}: 'java.lang.Object java.lang.invoke.Invokers$Holder.linkToTargetMethod(java.lang.Object, long, java.lang.Object)'> (0x00000000c71613b8) 
thrown [./src/hotspot/share/interpreter/linkResolver.cpp, line 772]
Event: 0.360 Thread 0x00007fec180163d0 Exception <a 'java/lang/NoSuchMethodError'{0x00000000c7168440}: 'int java.lang.invoke.DirectMethodHandle$Holder.invokeStaticInit(java.lang.Object, java.lang.Object, java.lang.Object, long)'> (0x00000000c7168440) 
thrown [./src/hotspot/share/interpreter/linkResolver.cpp, line 772]
Event: 0.380 Thread 0x00007fec180163d0 Exception <a 'sun/nio/fs/UnixException'{0x00000000c71c8300}> (0x00000000c71c8300) 
thrown [./src/hotspot/share/prims/jni.cpp, line 520]
Event: 0.380 Thread 0x00007fec180163d0 Exception <a 'sun/nio/fs/UnixException'{0x00000000c71d9ae8}> (0x00000000c71d9ae8) 
thrown [./src/hotspot/share/prims/jni.cpp, line 520]
Event: 0.384 Thread 0x00007fec180163d0 Exception <a 'sun/nio/fs/UnixException'{0x00000000c71de558}> (0x00000000c71de558) 
thrown [./src/hotspot/share/prims/jni.cpp, line 520]
Event: 2.720 Thread 0x00007fec180163d0 Exception <a 'java/lang/NoSuchMethodError'{0x00000000c7070a30}: 'void java.lang.System.load(java.lang.String, java.lang.Class)'> (0x00000000c7070a30) 
thrown [./src/hotspot/share/interpreter/linkResolver.cpp, line 772]
Event: 2.722 Thread 0x00007fec180163d0 Exception <a 'java/lang/NoSuchMethodError'{0x00000000c70733d0}: 'void java.lang.System.loadLibrary(java.lang.String, java.lang.Class)'> (0x00000000c70733d0) 
thrown [./src/hotspot/share/interpreter/linkResolver.cpp, line 772]
Event: 2.725 Thread 0x00007fec180163d0 Exception <a 'sun/nio/fs/UnixException'{0x00000000c70763f8}> (0x00000000c70763f8) 
thrown [./src/hotspot/share/prims/jni.cpp, line 520]
Event: 2.725 Thread 0x00007fec180163d0 Exception <a 'sun/nio/fs/UnixException'{0x00000000c7078fc8}> (0x00000000c7078fc8) 
thrown [./src/hotspot/share/prims/jni.cpp, line 520]
Event: 2.728 Thread 0x00007fec180163d0 Exception <a 'sun/nio/fs/UnixException'{0x00000000c707db58}> (0x00000000c707db58) 
thrown [./src/hotspot/share/prims/jni.cpp, line 520]
Event: 2.735 Thread 0x00007fec180163d0 Exception <a 'sun/nio/fs/UnixException'{0x00000000c7083ca8}> (0x00000000c7083ca8) 
thrown [./src/hotspot/share/prims/jni.cpp, line 520]

ZGC Phase Switch (0 events):
No events

VM Operations (8 events):
Event: 1.021 Executing VM operation: Cleanup
Event: 1.021 Executing VM operation: Cleanup done
Event: 3.021 Executing VM operation: Cleanup
Event: 3.021 Executing VM operation: Cleanup done
Event: 3.258 Executing VM operation: G1CollectForAllocation (G1 Evacuation Pause)
Event: 3.264 Executing VM operation: G1CollectForAllocation (G1 Evacuation Pause) done
Event: 5.265 Executing VM operation: Cleanup
Event: 5.265 Executing VM operation: Cleanup done

Events (20 events):
Event: 0.027 Thread 0x00007fec180e5b40 Thread added: 0x00007fec180e5b40
Event: 0.027 Protecting memory [0x00007fec0080a000,0x00007fec0080e000] with protection modes 0
Event: 0.028 Thread 0x00007fec180e75e0 Thread added: 0x00007fec180e75e0
Event: 0.028 Protecting memory [0x00007fec00709000,0x00007fec0070d000] with protection modes 0
Event: 0.028 Thread 0x00007fec180e8c20 Thread added: 0x00007fec180e8c20
Event: 0.028 Protecting memory [0x00007fec00608000,0x00007fec0060c000] with protection modes 0
Event: 0.028 Thread 0x00007fec180ea1c0 Thread added: 0x00007fec180ea1c0
Event: 0.028 Protecting memory [0x00007fec00507000,0x00007fec0050b000] with protection modes 0
Event: 0.029 Thread 0x00007fec180ebd00 Thread added: 0x00007fec180ebd00
Event: 0.029 Protecting memory [0x00007fec00406000,0x00007fec0040a000] with protection modes 0
Event: 0.029 Thread 0x00007fec180ed3c0 Thread added: 0x00007fec180ed3c0
Event: 0.029 Protecting memory [0x00007fec00305000,0x00007fec00309000] with protection modes 0
Event: 0.034 Thread 0x00007fec180fb710 Thread added: 0x00007fec180fb710
Event: 0.034 Protecting memory [0x00007fec00133000,0x00007fec00137000] with protection modes 0
Event: 0.036 Thread 0x00007fec180fecb0 Thread added: 0x00007fec180fecb0
Event: 0.036 Protecting memory [0x00007fec00032000,0x00007fec00036000] with protection modes 0
Event: 12.649 Thread 0x00007fec180163d0 Thread exited: 0x00007fec180163d0
Event: 12.649 Protecting memory [0x00007fec1e5d0000,0x00007fec1e5d4000] with protection modes 0
Event: 12.649 Thread 0x00007fec180163d0 Thread added: 0x00007fec180163d0
Event: 12.649 Thread 0x00007fec180163d0 Thread exited: 0x00007fec180163d0


Dynamic libraries:
c3800000-c7600000 rw-p 00000000 00:00 0 
c7600000-ffe00000 ---p 00000000 00:00 0 
ffe00000-fff08000 rw-p 00ce5000 08:20 47041                              /usr/lib/jvm/java-21-openjdk-amd64/lib/server/classes.jsa
fff08000-100000000 rw-p 00000000 00:00 0 
55940ff32000-55940ff33000 r--p 00000000 08:20 46969                      /usr/lib/jvm/java-21-openjdk-amd64/bin/java
55940ff33000-55940ff34000 r-xp 00001000 08:20 46969                      /usr/lib/jvm/java-21-openjdk-amd64/bin/java
55940ff34000-55940ff35000 r--p 00002000 08:20 46969                      /usr/lib/jvm/java-21-openjdk-amd64/bin/java
55940ff35000-55940ff36000 r--p 00002000 08:20 46969                      /usr/lib/jvm/java-21-openjdk-amd64/bin/java
55940ff36000-55940ff37000 rw-p 00003000 08:20 46969                      /usr/lib/jvm/java-21-openjdk-amd64/bin/java
5594105f9000-5594107c1000 rw-p 00000000 00:00 0                          [heap]
7feb40000000-7feb41981000 rw-p 00000000 00:00 0 
7feb41981000-7feb44000000 ---p 00000000 00:00 0 
7feb48000000-7feb48021000 rw-p 00000000 00:00 0 
7feb48021000-7feb4c000000 ---p 00000000 00:00 0 
7feb50000000-7feb50021000 rw-p 00000000 00:00 0 
7feb50021000-7feb54000000 ---p 00000000 00:00 0 
7feb54000000-7feb54021000 rw-p 00000000 00:00 0 
7feb54021000-7feb58000000 ---p 00000000 00:00 0 
7feb58000000-7feb58021000 rw-p 00000000 00:00 0 
7feb58021000-7feb5c000000 ---p 00000000 00:00 0 
7feb5f2fc000-7feb5f2fd000 ---p 00000000 00:00 0 
7feb5f2fd000-7feb5f3fd000 rw-p 00000000 00:00 0 
7feb5f3fd000-7feb5f3fe000 ---p 00000000 00:00 0 
7feb5f3fe000-7feb5f4fe000 rw-p 00000000 00:00 0 
7feb5f6fe000-7feb5f6ff000 ---p 00000000 00:00 0 
7feb5f6ff000-7feb5f7ff000 rw-p 00000000 00:00 0 
7feb5f7ff000-7feb5f800000 ---p 00000000 00:00 0 
7feb5f800000-7feb60000000 rw-p 00000000 00:00 0 
7feb60000000-7feb6002a000 rw-p 00000000 00:00 0 
7feb6002a000-7feb64000000 ---p 00000000 00:00 0 
7feb64055000-7feb65445000 r--p 00000000 00:1c 1125899906953165           /usr/lib/wsl/drivers/nvltig.inf_amd64_106be4074dc4b9cb/libnvwgf2umx.so
7feb65445000-7feb6708a000 r-xp 013f0000 00:1c 1125899906953165           /usr/lib/wsl/drivers/nvltig.inf_amd64_106be4074dc4b9cb/libnvwgf2umx.so
7feb6708a000-7feb67194000 r--p 03035000 00:1c 1125899906953165           /usr/lib/wsl/drivers/nvltig.inf_amd64_106be4074dc4b9cb/libnvwgf2umx.so
7feb67194000-7feb68fbd000 rw-p 0313f000 00:1c 1125899906953165           /usr/lib/wsl/drivers/nvltig.inf_amd64_106be4074dc4b9cb/libnvwgf2umx.so
7feb68fbd000-7feb6900e000 rw-p 00000000 00:00 0 
7feb6900e000-7feb6f720000 r-xp 00000000 08:20 45759                      /usr/lib/x86_64-linux-gnu/libLLVM-15.so.1
7feb6f720000-7feb6ff3e000 r--p 06711000 08:20 45759                      /usr/lib/x86_64-linux-gnu/libLLVM-15.so.1
7feb6ff3e000-7feb6ff84000 rw-p 06f2f000 08:20 45759                      /usr/lib/x86_64-linux-gnu/libLLVM-15.so.1
7feb6ff84000-7feb70000000 rw-p 00000000 00:00 0 
7feb70000000-7feb70021000 rw-p 00000000 00:00 0 
7feb70021000-7feb74000000 ---p 00000000 00:00 0 
7feb7415f000-7feb74161000 r--p 00000000 08:20 44588                      /usr/lib/x86_64-linux-gnu/libXtst.so.6.1.0
7feb74161000-7feb74164000 r-xp 00002000 08:20 44588                      /usr/lib/x86_64-linux-gnu/libXtst.so.6.1.0
7feb74164000-7feb74165000 r--p 00005000 08:20 44588                      /usr/lib/x86_64-linux-gnu/libXtst.so.6.1.0
7feb74165000-7feb74166000 r--p 00005000 08:20 44588                      /usr/lib/x86_64-linux-gnu/libXtst.so.6.1.0
7feb74166000-7feb74167000 rw-p 00006000 08:20 44588                      /usr/lib/x86_64-linux-gnu/libXtst.so.6.1.0
7feb74167000-7feb74179000 r--p 00000000 08:20 46931                      /usr/lib/jvm/java-21-openjdk-amd64/lib/libawt_xawt.so
7feb74179000-7feb741bf000 r-xp 00012000 08:20 46931                      /usr/lib/jvm/java-21-openjdk-amd64/lib/libawt_xawt.so
7feb741bf000-7feb741d7000 r--p 00058000 08:20 46931                      /usr/lib/jvm/java-21-openjdk-amd64/lib/libawt_xawt.so
7feb741d7000-7feb741dc000 r--p 0006f000 08:20 46931                      /usr/lib/jvm/java-21-openjdk-amd64/lib/libawt_xawt.so
7feb741dc000-7feb741de000 rw-p 00074000 08:20 46931                      /usr/lib/jvm/java-21-openjdk-amd64/lib/libawt_xawt.so
7feb741de000-7feb741e0000 rw-p 00000000 00:00 0 
7feb741e0000-7feb741fe000 r--p 00000000 08:20 47007                      /usr/lib/jvm/java-21-openjdk-amd64/lib/libawt.so
7feb741fe000-7feb7428a000 r-xp 0001e000 08:20 47007                      /usr/lib/jvm/java-21-openjdk-amd64/lib/libawt.so
7feb7428a000-7feb74297000 r--p 000aa000 08:20 47007                      /usr/lib/jvm/java-21-openjdk-amd64/lib/libawt.so
7feb74297000-7feb74298000 r--p 000b6000 08:20 47007                      /usr/lib/jvm/java-21-openjdk-amd64/lib/libawt.so
7feb74298000-7feb742a3000 rw-p 000b7000 08:20 47007                      /usr/lib/jvm/java-21-openjdk-amd64/lib/libawt.so
7feb742a3000-7feb742c8000 rw-p 00000000 00:00 0 
7feb742c8000-7feb7430b000 r--p 00000000 08:20 45853                      /usr/lib/x86_64-linux-gnu/libGL.so.1.7.0
7feb7430b000-7feb7432a000 r-xp 00043000 08:20 45853                      /usr/lib/x86_64-linux-gnu/libGL.so.1.7.0
7feb7432a000-7feb7433f000 r--p 00062000 08:20 45853                      /usr/lib/x86_64-linux-gnu/libGL.so.1.7.0
7feb7433f000-7feb7434d000 r--p 00076000 08:20 45853                      /usr/lib/x86_64-linux-gnu/libGL.so.1.7.0
7feb7434d000-7feb7434e000 rw-p 00084000 08:20 45853                      /usr/lib/x86_64-linux-gnu/libGL.so.1.7.0
7feb7434e000-7feb7434f000 rw-p 00000000 00:00 0 
7feb74358000-7feb7438b000 r--p 00000000 08:20 25390                      /tmp/lwjgl_vlam/3.3.2-snapshot/x64/liblwjgl_opengl.so
7feb7438b000-7feb7439f000 r-xp 00033000 08:20 25390                      /tmp/lwjgl_vlam/3.3.2-snapshot/x64/liblwjgl_opengl.so
7feb7439f000-7feb743af000 r--p 00047000 08:20 25390                      /tmp/lwjgl_vlam/3.3.2-snapshot/x64/liblwjgl_opengl.so
7feb743af000-7feb743b0000 r--p 00056000 08:20 25390                      /tmp/lwjgl_vlam/3.3.2-snapshot/x64/liblwjgl_opengl.so
7feb743b0000-7feb743b1000 rw-p 00057000 08:20 25390                      /tmp/lwjgl_vlam/3.3.2-snapshot/x64/liblwjgl_opengl.so
7feb7463f000-7feb7479f000 rw-s 00000000 00:01 0                          /SYSV00000000 (deleted)
7feb74bdf000-7feb74be0000 ---p 00000000 00:00 0 
7feb74be0000-7feb753e0000 rw-p 00000000 00:00 0 
7feb753e0000-7feb753e1000 ---p 00000000 00:00 0 
7feb753e1000-7feb75be1000 rw-p 00000000 00:00 0 
7feb75be1000-7feb75be2000 ---p 00000000 00:00 0 
7feb75be2000-7feb763e2000 rw-p 00000000 00:00 0 
7feb763e2000-7feb763e3000 r--p 00000000 08:20 6752                       /usr/lib/x86_64-linux-gnu/libicudata.so.70.1
7feb763e3000-7feb763e4000 r-xp 00001000 08:20 6752                       /usr/lib/x86_64-linux-gnu/libicudata.so.70.1
7feb763e4000-7feb77ffe000 r--p 00002000 08:20 6752                       /usr/lib/x86_64-linux-gnu/libicudata.so.70.1
7feb77ffe000-7feb77fff000 r--p 01c1b000 08:20 6752                       /usr/lib/x86_64-linux-gnu/libicudata.so.70.1
7feb77fff000-7feb78000000 rw-p 01c1c000 08:20 6752                       /usr/lib/x86_64-linux-gnu/libicudata.so.70.1
7feb78000000-7feb781e2000 rw-p 00000000 00:00 0 
7feb781e2000-7feb7c000000 ---p 00000000 00:00 0 
7feb7c000000-7feb7c021000 rw-p 00000000 00:00 0 
7feb7c021000-7feb80000000 ---p 00000000 00:00 0 
7feb80000000-7feb80021000 rw-p 00000000 00:00 0 
7feb80021000-7feb84000000 ---p 00000000 00:00 0 
7feb84000000-7feb844fd000 rw-p 00000000 00:00 0 
7feb844fd000-7feb88000000 ---p 00000000 00:00 0 
7feb88000000-7feb88021000 rw-p 00000000 00:00 0 
7feb88021000-7feb8c000000 ---p 00000000 00:00 0 
7feb8c000000-7feb8c021000 rw-p 00000000 00:00 0 
7feb8c021000-7feb90000000 ---p 00000000 00:00 0 
7feb90000000-7feb90021000 rw-p 00000000 00:00 0 
7feb90021000-7feb94000000 ---p 00000000 00:00 0 
7feb94000000-7feb94021000 rw-p 00000000 00:00 0 
7feb94021000-7feb98000000 ---p 00000000 00:00 0 
7feb98000000-7feb98021000 rw-p 00000000 00:00 0 
7feb98021000-7feb9c000000 ---p 00000000 00:00 0 
7feb9c324000-7feb9c325000 ---p 00000000 00:00 0 
7feb9c325000-7feb9cb25000 rw-p 00000000 00:00 0 
7feb9cf25000-7feb9cfbb000 r--p 00000000 08:20 58267                      /usr/lib/x86_64-linux-gnu/dri/swrast_dri.so
7feb9cfbb000-7feb9e2bb000 r-xp 00096000 08:20 58267                      /usr/lib/x86_64-linux-gnu/dri/swrast_dri.so
7feb9e2bb000-7feb9eda7000 r--p 01396000 08:20 58267                      /usr/lib/x86_64-linux-gnu/dri/swrast_dri.so
7feb9eda7000-7feb9ee2e000 r--p 01e81000 08:20 58267                      /usr/lib/x86_64-linux-gnu/dri/swrast_dri.so
7feb9ee2e000-7feb9ee40000 rw-p 01f08000 08:20 58267                      /usr/lib/x86_64-linux-gnu/dri/swrast_dri.so
7feb9ee40000-7feb9f1a0000 rw-p 00000000 00:00 0 
7feb9f1a0000-7feb9f400000 ---p 00000000 00:00 0 
7feb9f400000-7feb9f5e0000 rw-p 00000000 00:00 0 
7feb9f5e0000-7feb9f620000 rw-p 00000000 00:00 0 
7feb9f620000-7feb9f750000 rw-p 00000000 00:00 0 
7feb9f750000-7feba3000000 ---p 00000000 00:00 0 
7feba3000000-7feba3ca6000 rw-p 00001000 08:20 47041                      /usr/lib/jvm/java-21-openjdk-amd64/lib/server/classes.jsa
7feba3ca6000-7feba4000000 ---p 00000000 00:00 0 
7feba4000000-7feba4030000 rw-p 00000000 00:00 0 
7feba4030000-7feba4040000 ---p 00000000 00:00 0 
7feba4040000-7feba4070000 rw-p 00000000 00:00 0 
7feba4070000-7febe4000000 ---p 00000000 00:00 0 
7febe4000000-7febe4021000 rw-p 00000000 00:00 0 
7febe4021000-7febe8000000 ---p 00000000 00:00 0 
7febe8000000-7febe8021000 rw-p 00000000 00:00 0 
7febe8021000-7febec000000 ---p 00000000 00:00 0 
7febec000000-7febec021000 rw-p 00000000 00:00 0 
7febec021000-7febf0000000 ---p 00000000 00:00 0 
7febf02a0000-7febf02a1000 ---p 00000000 00:00 0 
7febf02a1000-7febf0aa1000 rw-p 00000000 00:00 0 
7febf1356000-7febf1399000 r--p 00000000 00:1e 844424931809605            /usr/lib/wsl/lib/libdxcore.so
7febf1399000-7febf141a000 r-xp 00042000 00:1e 844424931809605            /usr/lib/wsl/lib/libdxcore.so
7febf141a000-7febf1422000 r--p 000c2000 00:1e 844424931809605            /usr/lib/wsl/lib/libdxcore.so
7febf1422000-7febf1424000 rw-p 000c9000 00:1e 844424931809605            /usr/lib/wsl/lib/libdxcore.so
7febf1424000-7febf1427000 rw-p 00000000 00:00 0 
7febf1427000-7febf146c000 r--p 00000000 00:1e 844424931809603            /usr/lib/wsl/lib/libd3d12.so
7febf146c000-7febf14e5000 r-xp 00044000 00:1e 844424931809603            /usr/lib/wsl/lib/libd3d12.so
7febf14e5000-7febf14ec000 r--p 000bc000 00:1e 844424931809603            /usr/lib/wsl/lib/libd3d12.so
7febf14ec000-7febf14ee000 rw-p 000c2000 00:1e 844424931809603            /usr/lib/wsl/lib/libd3d12.so
7febf14ee000-7febf14f2000 rw-p 00000000 00:00 0 
7febf14f2000-7febf14f5000 r--p 00000000 08:20 6800                       /usr/lib/x86_64-linux-gnu/liblzma.so.5.2.5
7febf14f5000-7febf1510000 r-xp 00003000 08:20 6800                       /usr/lib/x86_64-linux-gnu/liblzma.so.5.2.5
7febf1510000-7febf151b000 r--p 0001e000 08:20 6800                       /usr/lib/x86_64-linux-gnu/liblzma.so.5.2.5
7febf151b000-7febf151c000 r--p 00028000 08:20 6800                       /usr/lib/x86_64-linux-gnu/liblzma.so.5.2.5
7febf151c000-7febf151d000 rw-p 00029000 08:20 6800                       /usr/lib/x86_64-linux-gnu/liblzma.so.5.2.5
7febf151d000-7febf1583000 r--p 00000000 08:20 6762                       /usr/lib/x86_64-linux-gnu/libicuuc.so.70.1
7febf1583000-7febf1676000 r-xp 00066000 08:20 6762                       /usr/lib/x86_64-linux-gnu/libicuuc.so.70.1
7febf1676000-7febf1702000 r--p 00159000 08:20 6762                       /usr/lib/x86_64-linux-gnu/libicuuc.so.70.1
7febf1702000-7febf1715000 r--p 001e4000 08:20 6762                       /usr/lib/x86_64-linux-gnu/libicuuc.so.70.1
7febf1715000-7febf1716000 rw-p 001f7000 08:20 6762                       /usr/lib/x86_64-linux-gnu/libicuuc.so.70.1
7febf1716000-7febf1718000 rw-p 00000000 00:00 0 
7febf1718000-7febf171a000 r--p 00000000 08:20 45707                      /usr/lib/x86_64-linux-gnu/libpciaccess.so.0.11.1
7febf171a000-7febf171f000 r-xp 00002000 08:20 45707                      /usr/lib/x86_64-linux-gnu/libpciaccess.so.0.11.1
7febf171f000-7febf1721000 r--p 00007000 08:20 45707                      /usr/lib/x86_64-linux-gnu/libpciaccess.so.0.11.1
7febf1721000-7febf1722000 r--p 00008000 08:20 45707                      /usr/lib/x86_64-linux-gnu/libpciaccess.so.0.11.1
7febf1722000-7febf1723000 rw-p 00009000 08:20 45707                      /usr/lib/x86_64-linux-gnu/libpciaccess.so.0.11.1
7febf1723000-7febf1752000 r--p 00000000 08:20 12494                      /usr/lib/x86_64-linux-gnu/libxml2.so.2.9.13
7febf1752000-7febf18a5000 r-xp 0002f000 08:20 12494                      /usr/lib/x86_64-linux-gnu/libxml2.so.2.9.13
7febf18a5000-7febf18f9000 r--p 00182000 08:20 12494                      /usr/lib/x86_64-linux-gnu/libxml2.so.2.9.13
7febf18f9000-7febf18fa000 ---p 001d6000 08:20 12494                      /usr/lib/x86_64-linux-gnu/libxml2.so.2.9.13
7febf18fa000-7febf1903000 r--p 001d6000 08:20 12494                      /usr/lib/x86_64-linux-gnu/libxml2.so.2.9.13
7febf1903000-7febf1904000 rw-p 001df000 08:20 12494                      /usr/lib/x86_64-linux-gnu/libxml2.so.2.9.13
7febf1904000-7febf1905000 rw-p 00000000 00:00 0 
7febf1905000-7febf1913000 r--p 00000000 08:20 6958                       /usr/lib/x86_64-linux-gnu/libtinfo.so.6.3
7febf1913000-7febf1924000 r-xp 0000e000 08:20 6958                       /usr/lib/x86_64-linux-gnu/libtinfo.so.6.3
7febf1924000-7febf1932000 r--p 0001f000 08:20 6958                       /usr/lib/x86_64-linux-gnu/libtinfo.so.6.3
7febf1932000-7febf1936000 r--p 0002c000 08:20 6958                       /usr/lib/x86_64-linux-gnu/libtinfo.so.6.3
7febf1936000-7febf1937000 rw-p 00030000 08:20 6958                       /usr/lib/x86_64-linux-gnu/libtinfo.so.6.3
7febf1937000-7febf193f000 r--p 00000000 08:20 6682                       /usr/lib/x86_64-linux-gnu/libedit.so.2.0.68
7febf193f000-7febf195d000 r-xp 00008000 08:20 6682                       /usr/lib/x86_64-linux-gnu/libedit.so.2.0.68
7febf195d000-7febf196a000 r--p 00026000 08:20 6682                       /usr/lib/x86_64-linux-gnu/libedit.so.2.0.68
7febf196a000-7febf196c000 r--p 00032000 08:20 6682                       /usr/lib/x86_64-linux-gnu/libedit.so.2.0.68
7febf196c000-7febf196d000 rw-p 00034000 08:20 6682                       /usr/lib/x86_64-linux-gnu/libedit.so.2.0.68
7febf196d000-7febf1971000 rw-p 00000000 00:00 0 
7febf1971000-7febf1973000 r--p 00000000 08:20 6698                       /usr/lib/x86_64-linux-gnu/libffi.so.8.1.0
7febf1973000-7febf197a000 r-xp 00002000 08:20 6698                       /usr/lib/x86_64-linux-gnu/libffi.so.8.1.0
7febf197a000-7febf197b000 r--p 00009000 08:20 6698                       /usr/lib/x86_64-linux-gnu/libffi.so.8.1.0
7febf197b000-7febf197c000 ---p 0000a000 08:20 6698                       /usr/lib/x86_64-linux-gnu/libffi.so.8.1.0
7febf197c000-7febf197d000 r--p 0000a000 08:20 6698                       /usr/lib/x86_64-linux-gnu/libffi.so.8.1.0
7febf197d000-7febf197e000 rw-p 0000b000 08:20 6698                       /usr/lib/x86_64-linux-gnu/libffi.so.8.1.0
7febf197e000-7febf1981000 r--p 00000000 08:20 45720                      /usr/lib/x86_64-linux-gnu/libdrm_intel.so.1.0.0
7febf1981000-7febf1998000 r-xp 00003000 08:20 45720                      /usr/lib/x86_64-linux-gnu/libdrm_intel.so.1.0.0
7febf1998000-7febf19a2000 r--p 0001a000 08:20 45720                      /usr/lib/x86_64-linux-gnu/libdrm_intel.so.1.0.0
7febf19a2000-7febf19a3000 r--p 00023000 08:20 45720                      /usr/lib/x86_64-linux-gnu/libdrm_intel.so.1.0.0
7febf19a3000-7febf19a4000 rw-p 00024000 08:20 45720                      /usr/lib/x86_64-linux-gnu/libdrm_intel.so.1.0.0
7febf19a4000-7febf19a6000 r--p 00000000 08:20 45733                      /usr/lib/x86_64-linux-gnu/libdrm_nouveau.so.2.0.0
7febf19a6000-7febf19ab000 r-xp 00002000 08:20 45733                      /usr/lib/x86_64-linux-gnu/libdrm_nouveau.so.2.0.0
7febf19ab000-7febf19ad000 r--p 00007000 08:20 45733                      /usr/lib/x86_64-linux-gnu/libdrm_nouveau.so.2.0.0
7febf19ad000-7febf19ae000 r--p 00008000 08:20 45733                      /usr/lib/x86_64-linux-gnu/libdrm_nouveau.so.2.0.0
7febf19ae000-7febf19af000 rw-p 00009000 08:20 45733                      /usr/lib/x86_64-linux-gnu/libdrm_nouveau.so.2.0.0
7febf19af000-7febf19b2000 r--p 00000000 08:20 45694                      /usr/lib/x86_64-linux-gnu/libdrm_amdgpu.so.1.0.0
7febf19b2000-7febf19b7000 r-xp 00003000 08:20 45694                      /usr/lib/x86_64-linux-gnu/libdrm_amdgpu.so.1.0.0
7febf19b7000-7febf19b9000 r--p 00008000 08:20 45694                      /usr/lib/x86_64-linux-gnu/libdrm_amdgpu.so.1.0.0
7febf19b9000-7febf19ba000 r--p 00009000 08:20 45694                      /usr/lib/x86_64-linux-gnu/libdrm_amdgpu.so.1.0.0
7febf19ba000-7febf19bb000 rw-p 0000a000 08:20 45694                      /usr/lib/x86_64-linux-gnu/libdrm_amdgpu.so.1.0.0
7febf19bb000-7febf19be000 r--p 00000000 08:20 6683                       /usr/lib/x86_64-linux-gnu/libelf-0.186.so
7febf19be000-7febf19d2000 r-xp 00003000 08:20 6683                       /usr/lib/x86_64-linux-gnu/libelf-0.186.so
7febf19d2000-7febf19d6000 r--p 00017000 08:20 6683                       /usr/lib/x86_64-linux-gnu/libelf-0.186.so
7febf19d6000-7febf19d7000 ---p 0001b000 08:20 6683                       /usr/lib/x86_64-linux-gnu/libelf-0.186.so
7febf19d7000-7febf19d8000 r--p 0001b000 08:20 6683                       /usr/lib/x86_64-linux-gnu/libelf-0.186.so
7febf19d8000-7febf19d9000 rw-p 0001c000 08:20 6683                       /usr/lib/x86_64-linux-gnu/libelf-0.186.so
7febf19d9000-7febf19db000 r--p 00000000 08:20 45747                      /usr/lib/x86_64-linux-gnu/libdrm_radeon.so.1.0.1
7febf19db000-7febf19e2000 r-xp 00002000 08:20 45747                      /usr/lib/x86_64-linux-gnu/libdrm_radeon.so.1.0.1
7febf19e2000-7febf19e6000 r--p 00009000 08:20 45747                      /usr/lib/x86_64-linux-gnu/libdrm_radeon.so.1.0.1
7febf19e6000-7febf19e7000 r--p 0000c000 08:20 45747                      /usr/lib/x86_64-linux-gnu/libdrm_radeon.so.1.0.1
7febf19e7000-7febf19e8000 rw-p 0000d000 08:20 45747                      /usr/lib/x86_64-linux-gnu/libdrm_radeon.so.1.0.1
7febf19e8000-7febf19ea000 r--p 00000000 08:20 29454                      /usr/lib/x86_64-linux-gnu/libsensors.so.5.0.0
7febf19ea000-7febf19f1000 r-xp 00002000 08:20 29454                      /usr/lib/x86_64-linux-gnu/libsensors.so.5.0.0
7febf19f1000-7febf19f5000 r--p 00009000 08:20 29454                      /usr/lib/x86_64-linux-gnu/libsensors.so.5.0.0
7febf19f5000-7febf19f6000 ---p 0000d000 08:20 29454                      /usr/lib/x86_64-linux-gnu/libsensors.so.5.0.0
7febf19f6000-7febf19f7000 r--p 0000d000 08:20 29454                      /usr/lib/x86_64-linux-gnu/libsensors.so.5.0.0
7febf19f7000-7febf19f8000 rw-p 0000e000 08:20 29454                      /usr/lib/x86_64-linux-gnu/libsensors.so.5.0.0
7febf19f8000-7febf1a02000 r--p 00000000 08:20 6999                       /usr/lib/x86_64-linux-gnu/libzstd.so.1.4.8
7febf1a02000-7febf1ab4000 r-xp 0000a000 08:20 6999                       /usr/lib/x86_64-linux-gnu/libzstd.so.1.4.8
7febf1ab4000-7febf1ac5000 r--p 000bc000 08:20 6999                       /usr/lib/x86_64-linux-gnu/libzstd.so.1.4.8
7febf1ac5000-7febf1ac6000 r--p 000cc000 08:20 6999                       /usr/lib/x86_64-linux-gnu/libzstd.so.1.4.8
7febf1ac6000-7febf1ac7000 rw-p 000cd000 08:20 6999                       /usr/lib/x86_64-linux-gnu/libzstd.so.1.4.8
7febf1ac7000-7febf1aca000 r--p 00000000 08:20 45643                      /usr/lib/x86_64-linux-gnu/libxcb-xfixes.so.0.0.0
7febf1aca000-7febf1acd000 r-xp 00003000 08:20 45643                      /usr/lib/x86_64-linux-gnu/libxcb-xfixes.so.0.0.0
7febf1acd000-7febf1ace000 r--p 00006000 08:20 45643                      /usr/lib/x86_64-linux-gnu/libxcb-xfixes.so.0.0.0
7febf1ace000-7febf1acf000 ---p 00007000 08:20 45643                      /usr/lib/x86_64-linux-gnu/libxcb-xfixes.so.0.0.0
7febf1acf000-7febf1ad0000 r--p 00007000 08:20 45643                      /usr/lib/x86_64-linux-gnu/libxcb-xfixes.so.0.0.0
7febf1ad0000-7febf1ad1000 rw-p 00008000 08:20 45643                      /usr/lib/x86_64-linux-gnu/libxcb-xfixes.so.0.0.0
7febf1ad1000-7febf1ad4000 r--p 00000000 08:20 45630                      /usr/lib/x86_64-linux-gnu/libxcb-sync.so.1.0.0
7febf1ad4000-7febf1ad7000 r-xp 00003000 08:20 45630                      /usr/lib/x86_64-linux-gnu/libxcb-sync.so.1.0.0
7febf1ad7000-7febf1ad8000 r--p 00006000 08:20 45630                      /usr/lib/x86_64-linux-gnu/libxcb-sync.so.1.0.0
7febf1ad8000-7febf1ad9000 ---p 00007000 08:20 45630                      /usr/lib/x86_64-linux-gnu/libxcb-sync.so.1.0.0
7febf1ad9000-7febf1ada000 r--p 00007000 08:20 45630                      /usr/lib/x86_64-linux-gnu/libxcb-sync.so.1.0.0
7febf1ada000-7febf1adb000 rw-p 00008000 08:20 45630                      /usr/lib/x86_64-linux-gnu/libxcb-sync.so.1.0.0
7febf1adb000-7febf1adc000 r--p 00000000 08:20 45591                      /usr/lib/x86_64-linux-gnu/libxcb-present.so.0.0.0
7febf1adc000-7febf1add000 r-xp 00001000 08:20 45591                      /usr/lib/x86_64-linux-gnu/libxcb-present.so.0.0.0
7febf1add000-7febf1ade000 r--p 00002000 08:20 45591                      /usr/lib/x86_64-linux-gnu/libxcb-present.so.0.0.0
7febf1ade000-7febf1adf000 r--p 00002000 08:20 45591                      /usr/lib/x86_64-linux-gnu/libxcb-present.so.0.0.0
7febf1adf000-7febf1ae0000 rw-p 00003000 08:20 45591                      /usr/lib/x86_64-linux-gnu/libxcb-present.so.0.0.0
7febf1ae0000-7febf1ae2000 r--p 00000000 08:20 45565                      /usr/lib/x86_64-linux-gnu/libxcb-dri3.so.0.0.0
7febf1ae2000-7febf1ae4000 r-xp 00002000 08:20 45565                      /usr/lib/x86_64-linux-gnu/libxcb-dri3.so.0.0.0
7febf1ae4000-7febf1ae5000 r--p 00004000 08:20 45565                      /usr/lib/x86_64-linux-gnu/libxcb-dri3.so.0.0.0
7febf1ae5000-7febf1ae6000 r--p 00004000 08:20 45565                      /usr/lib/x86_64-linux-gnu/libxcb-dri3.so.0.0.0
7febf1ae6000-7febf1ae7000 rw-p 00005000 08:20 45565                      /usr/lib/x86_64-linux-gnu/libxcb-dri3.so.0.0.0
7febf1ae7000-7febf1aee000 r--p 00000000 08:20 45604                      /usr/lib/x86_64-linux-gnu/libxcb-randr.so.0.1.0
7febf1aee000-7febf1af4000 r-xp 00007000 08:20 45604                      /usr/lib/x86_64-linux-gnu/libxcb-randr.so.0.1.0
7febf1af4000-7febf1af7000 r--p 0000d000 08:20 45604                      /usr/lib/x86_64-linux-gnu/libxcb-randr.so.0.1.0
7febf1af7000-7febf1af8000 ---p 00010000 08:20 45604                      /usr/lib/x86_64-linux-gnu/libxcb-randr.so.0.1.0
7febf1af8000-7febf1af9000 r--p 00010000 08:20 45604                      /usr/lib/x86_64-linux-gnu/libxcb-randr.so.0.1.0
7febf1af9000-7febf1afa000 rw-p 00011000 08:20 45604                      /usr/lib/x86_64-linux-gnu/libxcb-randr.so.0.1.0
7febf1afa000-7febf1afb000 r--p 00000000 08:20 45669                      /usr/lib/x86_64-linux-gnu/libxshmfence.so.1.0.0
7febf1afb000-7febf1afc000 r-xp 00001000 08:20 45669                      /usr/lib/x86_64-linux-gnu/libxshmfence.so.1.0.0
7febf1afc000-7febf1afd000 r--p 00002000 08:20 45669                      /usr/lib/x86_64-linux-gnu/libxshmfence.so.1.0.0
7febf1afd000-7febf1afe000 r--p 00002000 08:20 45669                      /usr/lib/x86_64-linux-gnu/libxshmfence.so.1.0.0
7febf1afe000-7febf1aff000 rw-p 00003000 08:20 45669                      /usr/lib/x86_64-linux-gnu/libxshmfence.so.1.0.0
7febf1aff000-7febf1b03000 r--p 00000000 08:20 49631                      /usr/lib/x86_64-linux-gnu/libexpat.so.1.8.7
7febf1b03000-7febf1b22000 r-xp 00004000 08:20 49631                      /usr/lib/x86_64-linux-gnu/libexpat.so.1.8.7
7febf1b22000-7febf1b2c000 r--p 00023000 08:20 49631                      /usr/lib/x86_64-linux-gnu/libexpat.so.1.8.7
7febf1b2c000-7febf1b2d000 ---p 0002d000 08:20 49631                      /usr/lib/x86_64-linux-gnu/libexpat.so.1.8.7
7febf1b2d000-7febf1b2f000 r--p 0002d000 08:20 49631                      /usr/lib/x86_64-linux-gnu/libexpat.so.1.8.7
7febf1b2f000-7febf1b30000 rw-p 0002f000 08:20 49631                      /usr/lib/x86_64-linux-gnu/libexpat.so.1.8.7
7febf1b30000-7febf1b31000 r--p 00000000 08:20 45617                      /usr/lib/x86_64-linux-gnu/libxcb-shm.so.0.0.0
7febf1b31000-7febf1b32000 r-xp 00001000 08:20 45617                      /usr/lib/x86_64-linux-gnu/libxcb-shm.so.0.0.0
7febf1b32000-7febf1b33000 r--p 00002000 08:20 45617                      /usr/lib/x86_64-linux-gnu/libxcb-shm.so.0.0.0
7febf1b33000-7febf1b34000 r--p 00002000 08:20 45617                      /usr/lib/x86_64-linux-gnu/libxcb-shm.so.0.0.0
7febf1b34000-7febf1b35000 rw-p 00003000 08:20 45617                      /usr/lib/x86_64-linux-gnu/libxcb-shm.so.0.0.0
7febf1b35000-7febf1b37000 r--p 00000000 08:20 45552                      /usr/lib/x86_64-linux-gnu/libxcb-dri2.so.0.0.0
7febf1b37000-7febf1b39000 r-xp 00002000 08:20 45552                      /usr/lib/x86_64-linux-gnu/libxcb-dri2.so.0.0.0
7febf1b39000-7febf1b3a000 r--p 00004000 08:20 45552                      /usr/lib/x86_64-linux-gnu/libxcb-dri2.so.0.0.0
7febf1b3a000-7febf1b3b000 r--p 00004000 08:20 45552                      /usr/lib/x86_64-linux-gnu/libxcb-dri2.so.0.0.0
7febf1b3b000-7febf1b3c000 rw-p 00005000 08:20 45552                      /usr/lib/x86_64-linux-gnu/libxcb-dri2.so.0.0.0
7febf1b3c000-7febf1b47000 r--p 00000000 08:20 45578                      /usr/lib/x86_64-linux-gnu/libxcb-glx.so.0.0.0
7febf1b47000-7febf1b50000 r-xp 0000b000 08:20 45578                      /usr/lib/x86_64-linux-gnu/libxcb-glx.so.0.0.0
7febf1b50000-7febf1b55000 r--p 00014000 08:20 45578                      /usr/lib/x86_64-linux-gnu/libxcb-glx.so.0.0.0
7febf1b55000-7febf1b56000 ---p 00019000 08:20 45578                      /usr/lib/x86_64-linux-gnu/libxcb-glx.so.0.0.0
7febf1b56000-7febf1b58000 r--p 00019000 08:20 45578                      /usr/lib/x86_64-linux-gnu/libxcb-glx.so.0.0.0
7febf1b58000-7febf1b59000 rw-p 0001b000 08:20 45578                      /usr/lib/x86_64-linux-gnu/libxcb-glx.so.0.0.0
7febf1b59000-7febf1b5e000 r--p 00000000 08:20 6676                       /usr/lib/x86_64-linux-gnu/libdrm.so.2.4.0
7febf1b5e000-7febf1b69000 r-xp 00005000 08:20 6676                       /usr/lib/x86_64-linux-gnu/libdrm.so.2.4.0
7febf1b69000-7febf1b6d000 r--p 00010000 08:20 6676                       /usr/lib/x86_64-linux-gnu/libdrm.so.2.4.0
7febf1b6d000-7febf1b6e000 r--p 00013000 08:20 6676                       /usr/lib/x86_64-linux-gnu/libdrm.so.2.4.0
7febf1b6e000-7febf1b6f000 rw-p 00014000 08:20 6676                       /usr/lib/x86_64-linux-gnu/libdrm.so.2.4.0
7febf1b6f000-7febf1b7c000 r--p 00000000 08:20 45829                      /usr/lib/x86_64-linux-gnu/libglapi.so.0.0.0
7febf1b7c000-7febf1b8a000 r-xp 0000d000 08:20 45829                      /usr/lib/x86_64-linux-gnu/libglapi.so.0.0.0
7febf1b8a000-7febf1b9e000 r--p 0001b000 08:20 45829                      /usr/lib/x86_64-linux-gnu/libglapi.so.0.0.0
7febf1b9e000-7febf1b9f000 ---p 0002f000 08:20 45829                      /usr/lib/x86_64-linux-gnu/libglapi.so.0.0.0
7febf1b9f000-7febf1ba3000 r--p 0002f000 08:20 45829                      /usr/lib/x86_64-linux-gnu/libglapi.so.0.0.0
7febf1ba3000-7febf1ba4000 rw-p 00033000 08:20 45829                      /usr/lib/x86_64-linux-gnu/libglapi.so.0.0.0
7febf1c17000-7febf1c57000 r--p 00000000 08:20 45508                      /usr/lib/x86_64-linux-gnu/libGLdispatch.so.0.0.0
7febf1c57000-7febf1c96000 r-xp 00040000 08:20 45508                      /usr/lib/x86_64-linux-gnu/libGLdispatch.so.0.0.0
7febf1c96000-7febf1ca9000 r--p 0007f000 08:20 45508                      /usr/lib/x86_64-linux-gnu/libGLdispatch.so.0.0.0
7febf1ca9000-7febf1caa000 ---p 00092000 08:20 45508                      /usr/lib/x86_64-linux-gnu/libGLdispatch.so.0.0.0
7febf1caa000-7febf1cc6000 r--p 00092000 08:20 45508                      /usr/lib/x86_64-linux-gnu/libGLdispatch.so.0.0.0
7febf1cc6000-7febf1cc7000 rw-p 000ae000 08:20 45508                      /usr/lib/x86_64-linux-gnu/libGLdispatch.so.0.0.0
7febf1cc7000-7febf1ccf000 rw-p 00000000 00:00 0 
7febf1ccf000-7febf1cd2000 r--p 00000000 08:20 45838                      /usr/lib/x86_64-linux-gnu/libGLX.so.0.0.0
7febf1cd2000-7febf1ced000 r-xp 00003000 08:20 45838                      /usr/lib/x86_64-linux-gnu/libGLX.so.0.0.0
7febf1ced000-7febf1cf0000 r--p 0001e000 08:20 45838                      /usr/lib/x86_64-linux-gnu/libGLX.so.0.0.0
7febf1cf0000-7febf1cf1000 ---p 00021000 08:20 45838                      /usr/lib/x86_64-linux-gnu/libGLX.so.0.0.0
7febf1cf1000-7febf1cf2000 r--p 00021000 08:20 45838                      /usr/lib/x86_64-linux-gnu/libGLX.so.0.0.0
7febf1cf2000-7febf1cf3000 rw-p 00022000 08:20 45838                      /usr/lib/x86_64-linux-gnu/libGLX.so.0.0.0
7febf1cf3000-7febf1d03000 rw-p 00000000 00:00 0 
7febf1d03000-7febf1d04000 r--p 00000000 08:20 45539                      /usr/lib/x86_64-linux-gnu/libX11-xcb.so.1.0.0
7febf1d04000-7febf1d05000 r-xp 00001000 08:20 45539                      /usr/lib/x86_64-linux-gnu/libX11-xcb.so.1.0.0
7febf1d05000-7febf1d06000 r--p 00002000 08:20 45539                      /usr/lib/x86_64-linux-gnu/libX11-xcb.so.1.0.0
7febf1d06000-7febf1d07000 r--p 00002000 08:20 45539                      /usr/lib/x86_64-linux-gnu/libX11-xcb.so.1.0.0
7febf1d07000-7febf1d08000 rw-p 00003000 08:20 45539                      /usr/lib/x86_64-linux-gnu/libX11-xcb.so.1.0.0
7febf1d08000-7febf1d09000 r--p 00000000 08:20 44583                      /usr/lib/