#
# A fatal error has been detected by the Java Runtime Environment:
#
#  SIGSEGV (0xb) at pc=0x00007fee8d0d7b56, pid=341863, tid=341884
#
# JRE version: OpenJDK Runtime Environment (21.0.2+13) (build 21.0.2+13-Ubuntu-122.04.1)
# Java VM: OpenJDK 64-Bit Server VM (21.0.2+13-Ubuntu-122.04.1, mixed mode, sharing, tiered, compressed oops, compressed class ptrs, g1 gc, linux-amd64)
# Problematic frame:
# C  [libnvwgf2umx.so+0x2ca0b56]
#
# No core dump will be written. Core dumps have been disabled. To enable core dumping, try "ulimit -c unlimited" before starting Java again
#
# If you would like to submit a bug report, please visit:
#   Unknown
#

---------------  S U M M A R Y ------------

Command Line: App

Host: Intel(R) Core(TM) i7-4510U CPU @ 2.00GHz, 4 cores, 3G, Ubuntu 22.04.3 LTS
Time: Tue Mar 26 11:07:15 2024 SAST elapsed time: 10.147722 seconds (0d 0h 0m 10s)

---------------  T H R E A D  ---------------

Current thread is native thread

Stack: [0x00007fef18961000,0x00007fef19161000],  sp=0x00007fef1915fda0,  free space=8187k
Native frames: (J=compiled Java code, j=interpreted, Vv=VM code, C=native code)
C  [libnvwgf2umx.so+0x2ca0b56]

siginfo: si_signo: 11 (SIGSEGV), si_code: 1 (SEGV_MAPERR), si_addr: 0x00007fef19161000

Registers:
RAX=0x0000000000000003, RBX=0x00007fef40501b10, RCX=0x00007fef40502d01, RDX=0x00007fef1915fdb0
RSP=0x00007fef1915fda0, RBP=0x0000000000000000, RSI=0x00007fef40501b10, RDI=0x00007fef40489ec0
R8 =0x00007fef40489ec0, R9 =0x00007fffea1b6080, R10=0x00007fef1915fd90, R11=0x83e1bee91351c310
R12=0x00007fef1915fe07, R13=0x0000000000000000, R14=0x00007fef19161000, R15=0x0000000000000000
RIP=0x00007fee8d0d7b56, EFLAGS=0x0000000000010246, CSGSFS=0x002b000000000033, ERR=0x0000000000000004
  TRAPNO=0x000000000000000e


Top of Stack: (sp=0x00007fef1915fda0)
0x00007fef1915fda0:   00007fef40489ec0 40502d0140489fc8
0x00007fef1915fdb0:   0000000000000001 00007fef1915fdb0
0x00007fef1915fdc0:   00007fef1915fe07 00007fef40489ec0
0x00007fef1915fdd0:   00007fef40501b10 00007fef1915fe07
0x00007fef1915fde0:   00007fef40489fc8 00007fef1915fe06
0x00007fef1915fdf0:   0000000000000000 00007fee8d0d677e
0x00007fef1915fe00:   0000000000000000 0000000000000000
0x00007fef1915fe10:   0000000000000000 00007fef19160640
0x00007fef1915fe20:   00007fef19160640 0000000000000002
0x00007fef1915fe30:   00007fef487887d0 00007fef46e8b440
0x00007fef1915fe40:   0000000000000000 00007fee8d0d66f6
0x00007fef1915fe50:   00007fef19160640 00007fef48788ac3
0x00007fef1915fe60:   0000000000000000 00007fef19160640
0x00007fef1915fe70:   00007fef46e8b2e0 547cd5df7b75390d
0x00007fef1915fe80:   00007fef19160640 0000000000000002
0x00007fef1915fe90:   00007fef487887d0 00007fef46e8b440
0x00007fef1915fea0:   aba2e7f487b5390d aba2452e6af7390d
0x00007fef1915feb0:   0000000000000000 0000000000000000
0x00007fef1915fec0:   0000000000000000 0000000000000000
0x00007fef1915fed0:   0000000000000000 4a40dd3386247f00
0x00007fef1915fee0:   0000000000000000 00007fef46e8b2e0
0x00007fef1915fef0:   0000000000000000 00007fef4881a850
0x00007fef1915ff00:   0000000000000000 0000000000000000
0x00007fef1915ff10:   0000000000000000 0000000000000000
0x00007fef1915ff20:   0000000000000000 0000000000000000
0x00007fef1915ff30:   0000000000000000 0000000000000000
0x00007fef1915ff40:   0000000000000000 0000000000000000
0x00007fef1915ff50:   0000000000000000 0000000000000000
0x00007fef1915ff60:   0000000000000000 0000000000000000
0x00007fef1915ff70:   0000000000000000 0000000000000000
0x00007fef1915ff80:   0000000000000000 0000000000000000
0x00007fef1915ff90:   0000000000000000 0000000000000000 

Instructions: (pc=0x00007fee8d0d7b56)
0x00007fee8d0d7a56:   8d 7c 24 30 e8 61 da 8b fe 4c 89 ff e8 59 da 8b
0x00007fee8d0d7a66:   fe 48 8b 44 24 38 48 81 c4 88 00 00 00 5b 41 5c
0x00007fee8d0d7a76:   41 5d 41 5e 41 5f 5d c3 eb 0a eb 37 eb 35 eb 44
0x00007fee8d0d7a86:   eb 02 eb 2f 48 89 c3 48 8d 7c 24 30 e8 29 da 8b
0x00007fee8d0d7a96:   fe eb 23 eb 1e 48 89 c3 48 8d 7c 24 30 e8 18 da
0x00007fee8d0d7aa6:   8b fe eb 03 48 89 c3 48 8d 7c 24 48 e8 09 da 8b
0x00007fee8d0d7ab6:   fe eb 03 48 89 c3 48 8d 7c 24 40 e8 fa d9 8b fe
0x00007fee8d0d7ac6:   eb 05 eb 00 48 89 c3 48 8b 7c 24 38 e8 e9 d9 8b
0x00007fee8d0d7ad6:   fe 48 89 df e8 91 0e 75 fe cc 55 41 57 41 56 41
0x00007fee8d0d7ae6:   55 41 54 53 48 83 ec 28 f6 47 28 10 0f 84 53 01
0x00007fee8d0d7af6:   00 00 48 89 f3 8b 46 10 85 c0 0f 84 45 01 00 00
0x00007fee8d0d7b06:   49 89 d4 49 89 f8 4c 8b 73 28 b1 01 89 4c 24 0c
0x00007fee8d0d7b16:   45 31 ff 48 8d 54 24 10 45 31 ed 4c 89 64 24 20
0x00007fee8d0d7b26:   48 89 3c 24 48 89 54 24 18 eb 25 90 90 90 90 90
0x00007fee8d0d7b36:   90 90 90 90 90 90 90 90 90 90 8b 43 10 49 83 c5
0x00007fee8d0d7b46:   01 89 c1 41 83 c7 01 49 39 cd 0f 83 f5 00 00 00
0x00007fee8d0d7b56:   43 8b 0c ae 0f b7 c9 42 3b 8c ab 4c 04 00 00 74
0x00007fee8d0d7b66:   dc 42 89 8c ab 4c 04 00 00 8b 4b 0c 85 c9 74 cd
0x00007fee8d0d7b76:   31 ed eb 1e 8b 73 04 4c 89 c7 44 89 ea 89 e9 e8
0x00007fee8d0d7b86:   96 3b 03 00 4c 8b 04 24 83 c5 01 8b 4b 0c 39 cd
0x00007fee8d0d7b96:   73 a8 41 0f af cf 01 e9 41 0f b6 84 0e 80 90 00
0x00007fee8d0d7ba6:   00 24 7f 8d 50 e0 80 fa 14 77 dd 48 8b 93 50 08
0x00007fee8d0d7bb6:   00 00 3a 04 0a 74 d1 88 04 0a 41 c6 04 24 01 41
0x00007fee8d0d7bc6:   80 78 2d 00 75 ae f6 44 24 0c 01 75 09 41 f6 40
0x00007fee8d0d7bd6:   28 20 75 b4 eb 33 4c 8d 64 24 10 4c 89 e7 4c 89
0x00007fee8d0d7be6:   c6 48 89 da e8 01 2a 03 00 48 8b 3c 24 4c 89 e6
0x00007fee8d0d7bf6:   e8 75 e0 ff ff 4c 89 e7 e8 bd d8 8b fe c7 44 24
0x00007fee8d0d7c06:   0c 00 00 00 00 4c 8b 04 24 8b 53 04 45 0f b6 48
0x00007fee8d0d7c16:   2c 4c 8d 64 24 10 4c 89 e7 4c 89 c6 44 89 e9 41
0x00007fee8d0d7c26:   89 e8 e8 e3 29 03 00 48 8b 3c 24 4c 89 e6 e8 37
0x00007fee8d0d7c36:   e0 ff ff 4c 89 e7 e8 7f d8 8b fe 4c 8b 64 24 20
0x00007fee8d0d7c46:   e9 3f ff ff ff 48 83 c4 28 5b 41 5c 41 5d 41 5e 



---------------  P R O C E S S  ---------------

VM state: at safepoint (shutting down)

VM Mutex/Monitor currently owned by a thread:  ([mutex/lock_event])
[0x00007fef486bdd80] Threads_lock - owner thread: 0x00007fef400d4770

Heap address: 0x00000000c3800000, size: 968 MB, Compressed Oops mode: 32-bit

CDS archive(s) mapped at: [0x00007feecb000000-0x00007feecbca6000-0x00007feecbca6000), size 13262848, SharedBaseAddress: 0x00007feecb000000, ArchiveRelocationMode: 1.
Compressed class space mapped at: 0x00007feecc000000-0x00007fef0c000000, reserved size: 1073741824
Narrow klass base: 0x00007feecb000000, Narrow klass shift: 0, Narrow klass range: 0x100000000

GC Precious Log:
<Skipped>

Heap:
 garbage-first heap   total 65536K, used 11890K [0x00000000c3800000, 0x0000000100000000)
  region size 1024K, 6 young (6144K), 2 survivors (2048K)
 Metaspace       used 5168K, committed 5376K, reserved 1114112K
  class space    used 293K, committed 384K, reserved 1048576K

Heap Regions: E=young(eden), S=young(survivor), O=old, HS=humongous(starts), HC=humongous(continues), CS=collection set, F=free, TAMS=top-at-mark-start, PB=parsable bottom
|   0|0x00000000c3800000, 0x00000000c3900000, 0x00000000c3900000|100%|HS|  |TAMS 0x00000000c3800000| PB 0x00000000c3800000| Complete 
|   1|0x00000000c3900000, 0x00000000c3a00000, 0x00000000c3a00000|100%|HS|  |TAMS 0x00000000c3900000| PB 0x00000000c3900000| Complete 
|   2|0x00000000c3a00000, 0x00000000c3b00000, 0x00000000c3b00000|100%|HC|  |TAMS 0x00000000c3a00000| PB 0x00000000c3a00000| Complete 
|   3|0x00000000c3b00000, 0x00000000c3c00000, 0x00000000c3c00000|100%|HS|  |TAMS 0x00000000c3b00000| PB 0x00000000c3b00000| Complete 
|   4|0x00000000c3c00000, 0x00000000c3d00000, 0x00000000c3d00000|100%|HC|  |TAMS 0x00000000c3c00000| PB 0x00000000c3c00000| Complete 
|   5|0x00000000c3d00000, 0x00000000c3e00000, 0x00000000c3e00000|100%|HS|  |TAMS 0x00000000c3d00000| PB 0x00000000c3d00000| Complete 
|   6|0x00000000c3e00000, 0x00000000c3e00000, 0x00000000c3f00000|  0%| F|  |TAMS 0x00000000c3e00000| PB 0x00000000c3e00000| Untracked 
|   7|0x00000000c3f00000, 0x00000000c3f00000, 0x00000000c4000000|  0%| F|  |TAMS 0x00000000c3f00000| PB 0x00000000c3f00000| Untracked 
|   8|0x00000000c4000000, 0x00000000c4000000, 0x00000000c4100000|  0%| F|  |TAMS 0x00000000c4000000| PB 0x00000000c4000000| Untracked 
|   9|0x00000000c4100000, 0x00000000c4100000, 0x00000000c4200000|  0%| F|  |TAMS 0x00000000c4100000| PB 0x00000000c4100000| Untracked 
|  10|0x00000000c4200000, 0x00000000c4200000, 0x00000000c4300000|  0%| F|  |TAMS 0x00000000c4200000| PB 0x00000000c4200000| Untracked 
|  11|0x00000000c4300000, 0x00000000c4300000, 0x00000000c4400000|  0%| F|  |TAMS 0x00000000c4300000| PB 0x00000000c4300000| Untracked 
|  12|0x00000000c4400000, 0x00000000c4400000, 0x00000000c4500000|  0%| F|  |TAMS 0x00000000c4400000| PB 0x00000000c4400000| Untracked 
|  13|0x00000000c4500000, 0x00000000c4500000, 0x00000000c4600000|  0%| F|  |TAMS 0x00000000c4500000| PB 0x00000000c4500000| Untracked 
|  14|0x00000000c4600000, 0x00000000c4600000, 0x00000000c4700000|  0%| F|  |TAMS 0x00000000c4600000| PB 0x00000000c4600000| Untracked 
|  15|0x00000000c4700000, 0x00000000c4700000, 0x00000000c4800000|  0%| F|  |TAMS 0x00000000c4700000| PB 0x00000000c4700000| Untracked 
|  16|0x00000000c4800000, 0x00000000c4800000, 0x00000000c4900000|  0%| F|  |TAMS 0x00000000c4800000| PB 0x00000000c4800000| Untracked 
|  17|0x00000000c4900000, 0x00000000c4900000, 0x00000000c4a00000|  0%| F|  |TAMS 0x00000000c4900000| PB 0x00000000c4900000| Untracked 
|  18|0x00000000c4a00000, 0x00000000c4a00000, 0x00000000c4b00000|  0%| F|  |TAMS 0x00000000c4a00000| PB 0x00000000c4a00000| Untracked 
|  19|0x00000000c4b00000, 0x00000000c4b00000, 0x00000000c4c00000|  0%| F|  |TAMS 0x00000000c4b00000| PB 0x00000000c4b00000| Untracked 
|  20|0x00000000c4c00000, 0x00000000c4c00000, 0x00000000c4d00000|  0%| F|  |TAMS 0x00000000c4c00000| PB 0x00000000c4c00000| Untracked 
|  21|0x00000000c4d00000, 0x00000000c4d00000, 0x00000000c4e00000|  0%| F|  |TAMS 0x00000000c4d00000| PB 0x00000000c4d00000| Untracked 
|  22|0x00000000c4e00000, 0x00000000c4e00000, 0x00000000c4f00000|  0%| F|  |TAMS 0x00000000c4e00000| PB 0x00000000c4e00000| Untracked 
|  23|0x00000000c4f00000, 0x00000000c4f00000, 0x00000000c5000000|  0%| F|  |TAMS 0x00000000c4f00000| PB 0x00000000c4f00000| Untracked 
|  24|0x00000000c5000000, 0x00000000c5000000, 0x00000000c5100000|  0%| F|  |TAMS 0x00000000c5000000| PB 0x00000000c5000000| Untracked 
|  25|0x00000000c5100000, 0x00000000c5100000, 0x00000000c5200000|  0%| F|  |TAMS 0x00000000c5100000| PB 0x00000000c5100000| Untracked 
|  26|0x00000000c5200000, 0x00000000c5200000, 0x00000000c5300000|  0%| F|  |TAMS 0x00000000c5200000| PB 0x00000000c5200000| Untracked 
|  27|0x00000000c5300000, 0x00000000c5300000, 0x00000000c5400000|  0%| F|  |TAMS 0x00000000c5300000| PB 0x00000000c5300000| Untracked 
|  28|0x00000000c5400000, 0x00000000c5400000, 0x00000000c5500000|  0%| F|  |TAMS 0x00000000c5400000| PB 0x00000000c5400000| Untracked 
|  29|0x00000000c5500000, 0x00000000c5500000, 0x00000000c5600000|  0%| F|  |TAMS 0x00000000c5500000| PB 0x00000000c5500000| Untracked 
|  30|0x00000000c5600000, 0x00000000c5600000, 0x00000000c5700000|  0%| F|  |TAMS 0x00000000c5600000| PB 0x00000000c5600000| Untracked 
|  31|0x00000000c5700000, 0x00000000c5700000, 0x00000000c5800000|  0%| F|  |TAMS 0x00000000c5700000| PB 0x00000000c5700000| Untracked 
|  32|0x00000000c5800000, 0x00000000c5800000, 0x00000000c5900000|  0%| F|  |TAMS 0x00000000c5800000| PB 0x00000000c5800000| Untracked 
|  33|0x00000000c5900000, 0x00000000c5900000, 0x00000000c5a00000|  0%| F|  |TAMS 0x00000000c5900000| PB 0x00000000c5900000| Untracked 
|  34|0x00000000c5a00000, 0x00000000c5a00000, 0x00000000c5b00000|  0%| F|  |TAMS 0x00000000c5a00000| PB 0x00000000c5a00000| Untracked 
|  35|0x00000000c5b00000, 0x00000000c5b00000, 0x00000000c5c00000|  0%| F|  |TAMS 0x00000000c5b00000| PB 0x00000000c5b00000| Untracked 
|  36|0x00000000c5c00000, 0x00000000c5c00000, 0x00000000c5d00000|  0%| F|  |TAMS 0x00000000c5c00000| PB 0x00000000c5c00000| Untracked 
|  37|0x00000000c5d00000, 0x00000000c5d00000, 0x00000000c5e00000|  0%| F|  |TAMS 0x00000000c5d00000| PB 0x00000000c5d00000| Untracked 
|  38|0x00000000c5e00000, 0x00000000c5e00000, 0x00000000c5f00000|  0%| F|  |TAMS 0x00000000c5e00000| PB 0x00000000c5e00000| Untracked 
|  39|0x00000000c5f00000, 0x00000000c5f00000, 0x00000000c6000000|  0%| F|  |TAMS 0x00000000c5f00000| PB 0x00000000c5f00000| Untracked 
|  40|0x00000000c6000000, 0x00000000c6000000, 0x00000000c6100000|  0%| F|  |TAMS 0x00000000c6000000| PB 0x00000000c6000000| Untracked 
|  41|0x00000000c6100000, 0x00000000c6100000, 0x00000000c6200000|  0%| F|  |TAMS 0x00000000c6100000| PB 0x00000000c6100000| Untracked 
|  42|0x00000000c6200000, 0x00000000c6200000, 0x00000000c6300000|  0%| F|  |TAMS 0x00000000c6200000| PB 0x00000000c6200000| Untracked 
|  43|0x00000000c6300000, 0x00000000c6300000, 0x00000000c6400000|  0%| F|  |TAMS 0x00000000c6300000| PB 0x00000000c6300000| Untracked 
|  44|0x00000000c6400000, 0x00000000c6400000, 0x00000000c6500000|  0%| F|  |TAMS 0x00000000c6400000| PB 0x00000000c6400000| Untracked 
|  45|0x00000000c6500000, 0x00000000c6500000, 0x00000000c6600000|  0%| F|  |TAMS 0x00000000c6500000| PB 0x00000000c6500000| Untracked 
|  46|0x00000000c6600000, 0x00000000c6600000, 0x00000000c6700000|  0%| F|  |TAMS 0x00000000c6600000| PB 0x00000000c6600000| Untracked 
|  47|0x00000000c6700000, 0x00000000c6730000, 0x00000000c6800000| 18%| S|CS|TAMS 0x00000000c6700000| PB 0x00000000c6700000| Complete 
|  48|0x00000000c6800000, 0x00000000c6900000, 0x00000000c6900000|100%| S|CS|TAMS 0x00000000c6800000| PB 0x00000000c6800000| Complete 
|  49|0x00000000c6900000, 0x00000000c6900000, 0x00000000c6a00000|  0%| F|  |TAMS 0x00000000c6900000| PB 0x00000000c6900000| Untracked 
|  50|0x00000000c6a00000, 0x00000000c6a00000, 0x00000000c6b00000|  0%| F|  |TAMS 0x00000000c6a00000| PB 0x00000000c6a00000| Untracked 
|  51|0x00000000c6b00000, 0x00000000c6b00000, 0x00000000c6c00000|  0%| F|  |TAMS 0x00000000c6b00000| PB 0x00000000c6b00000| Untracked 
|  52|0x00000000c6c00000, 0x00000000c6c00000, 0x00000000c6d00000|  0%| F|  |TAMS 0x00000000c6c00000| PB 0x00000000c6c00000| Untracked 
|  53|0x00000000c6d00000, 0x00000000c6d00000, 0x00000000c6e00000|  0%| F|  |TAMS 0x00000000c6d00000| PB 0x00000000c6d00000| Untracked 
|  54|0x00000000c6e00000, 0x00000000c6e00000, 0x00000000c6f00000|  0%| F|  |TAMS 0x00000000c6e00000| PB 0x00000000c6e00000| Untracked 
|  55|0x00000000c6f00000, 0x00000000c6f00000, 0x00000000c7000000|  0%| F|  |TAMS 0x00000000c6f00000| PB 0x00000000c6f00000| Untracked 
|  56|0x00000000c7000000, 0x00000000c7000000, 0x00000000c7100000|  0%| F|  |TAMS 0x00000000c7000000| PB 0x00000000c7000000| Untracked 
|  57|0x00000000c7100000, 0x00000000c7100000, 0x00000000c7200000|  0%| F|  |TAMS 0x00000000c7100000| PB 0x00000000c7100000| Untracked 
|  58|0x00000000c7200000, 0x00000000c72653d8, 0x00000000c7300000| 39%| E|  |TAMS 0x00000000c7200000| PB 0x00000000c7200000| Complete 
|  59|0x00000000c7300000, 0x00000000c7400000, 0x00000000c7400000|100%| E|CS|TAMS 0x00000000c7300000| PB 0x00000000c7300000| Complete 
|  60|0x00000000c7400000, 0x00000000c7500000, 0x00000000c7500000|100%| E|  |TAMS 0x00000000c7400000| PB 0x00000000c7400000| Complete 
|  61|0x00000000c7500000, 0x00000000c7600000, 0x00000000c7600000|100%| E|CS|TAMS 0x00000000c7500000| PB 0x00000000c7500000| Complete 
| 966|0x00000000ffe00000, 0x00000000fff00000, 0x00000000fff00000|100%| O|  |TAMS 0x00000000ffe00000| PB 0x00000000ffe00000| Untracked 
| 967|0x00000000fff00000, 0x00000000fff076f8, 0x0000000100000000|  2%| O|  |TAMS 0x00000000fff00000| PB 0x00000000fff00000| Untracked 

Card table byte_map: [0x00007fef463b5000,0x00007fef46599000] _byte_map_base: 0x00007fef45d99000

Marking Bits: (CMBitMap*) 0x00007fef40050e20
 Bits: [0x00007fef45495000, 0x00007fef463b5000)

Polling page: 0x00007fef46d8f000
